============================= test session starts =============================
platform win32 -- Python 3.14.2, pytest-9.0.2, pluggy-1.6.0 -- C:\Python314\python.exe
cachedir: .pytest_cache
rootdir: C:\Users\aaron\Desktop\grace-3.1--Aaron-new2\backend
configfile: pytest.ini
plugins: anyio-4.12.1, asyncio-1.3.0, cov-7.0.0, timeout-2.4.0
asyncio: mode=Mode.AUTO, debug=False, asyncio_default_fixture_loop_scope=None, asyncio_default_test_loop_scope=function
collecting ... collected 147 items

backend\tests\genesis\test_adaptive_cicd.py::test_trust_score_calculation PASSED [  0%]
backend\tests\genesis\test_adaptive_cicd.py::test_kpi_calculation PASSED [  1%]
backend\tests\genesis\test_adaptive_cicd.py::test_get_llm_recommendation PASSED [  2%]
backend\tests\genesis\test_adaptive_cicd.py::test_governance_request PASSED [  2%]
backend\tests\genesis\test_archival_service.py::test_archive_daily_keys PASSED [  3%]
backend\tests\genesis\test_archival_service.py::test_get_archive_for_date PASSED [  4%]
backend\tests\genesis\test_archival_service.py::test_list_archives PASSED [  4%]
backend\tests\genesis\test_autonomous_cicd_engine.py::test_on_file_change PASSED [  5%]
backend\tests\genesis\test_autonomous_cicd_engine.py::test_high_risk_requires_higher_autonomy PASSED [  6%]
backend\tests\genesis\test_autonomous_cicd_engine.py::test_record_outcome PASSED [  6%]
backend\tests\genesis\test_autonomous_cicd_engine.py::test_manual_approval PASSED [  7%]
backend\tests\genesis\test_autonomous_engine.py::test_queue_action PASSED [  8%]
backend\tests\genesis\test_autonomous_engine.py::test_execute_action_success PASSED [  8%]
backend\tests\genesis\test_autonomous_engine.py::test_execute_action_failure PASSED [  9%]
backend\tests\genesis\test_autonomous_engine.py::test_emit_event PASSED  [ 10%]
backend\tests\genesis\test_autonomous_engine.py::test_get_status PASSED  [ 10%]
backend\tests\genesis\test_autonomous_triggers.py::test_on_genesis_key_created_file_operation PASSED [ 11%]
backend\tests\genesis\test_autonomous_triggers.py::test_handle_user_input PASSED [ 12%]
backend\tests\genesis\test_autonomous_triggers.py::test_handle_practice_outcome_recursive PASSED [ 12%]
backend\tests\genesis\test_autonomous_triggers.py::test_is_learning_file PASSED [ 13%]
backend\tests\genesis\test_cicd.py::test_trigger_pipeline PASSED         [ 14%]
backend\tests\genesis\test_cicd.py::test_execute_pipeline PASSED         [ 14%]
backend\tests\genesis\test_cicd.py::test_execute_pipeline_failure PASSED [ 15%]
backend\tests\genesis\test_cicd.py::test_cancel_run PASSED               [ 16%]
backend\tests\genesis\test_cicd_versioning.py::test_record_mutation_create PASSED [ 17%]
backend\tests\genesis\test_cicd_versioning.py::test_get_version PASSED   [ 17%]
backend\tests\genesis\test_cicd_versioning.py::test_get_history PASSED   [ 18%]
backend\tests\genesis\test_cicd_versioning.py::test_diff_versions PASSED [ 19%]
backend\tests\genesis\test_cicd_versioning.py::test_rollback PASSED      [ 19%]
backend\tests\genesis\test_code_analyzer.py::test_analyze_python_syntax_error PASSED [ 20%]
backend\tests\genesis\test_code_analyzer.py::test_analyze_python_ast_issues PASSED [ 21%]
backend\tests\genesis\test_code_analyzer.py::test_analyze_python_common_patterns PASSED [ 21%]
backend\tests\genesis\test_code_analyzer.py::test_analyze_javascript PASSED [ 22%]
backend\tests\genesis\test_code_analyzer.py::test_generate_fix_code PASSED [ 23%]
backend\tests\genesis\test_cognitive_layer1_integration.py::test_process_user_input PASSED [ 23%]
backend\tests\genesis\test_cognitive_layer1_integration.py::test_process_file_upload PASSED [ 24%]
backend\tests\genesis\test_cognitive_layer1_integration.py::test_process_external_api PASSED [ 25%]
backend\tests\genesis\test_comprehensive_tracker.py::test_track_user_input PASSED [ 25%]
backend\tests\genesis\test_comprehensive_tracker.py::test_track_user_upload PASSED [ 26%]
backend\tests\genesis\test_comprehensive_tracker.py::test_track_ai_response PASSED [ 27%]
backend\tests\genesis\test_comprehensive_tracker.py::test_track_ai_code_generation PASSED [ 27%]
backend\tests\genesis\test_comprehensive_tracker.py::test_track_coding_agent_action PASSED [ 28%]
backend\tests\genesis\test_comprehensive_tracker.py::test_track_external_api_call PASSED [ 29%]
backend\tests\genesis\test_comprehensive_tracker.py::test_track_web_fetch PASSED [ 29%]
backend\tests\genesis\test_comprehensive_tracker.py::test_track_file_ingestion PASSED [ 30%]
backend\tests\genesis\test_comprehensive_tracker.py::test_track_librarian_action PASSED [ 31%]
backend\tests\genesis\test_comprehensive_tracker.py::test_track_database_change PASSED [ 31%]
backend\tests\genesis\test_comprehensive_tracker.py::test_track_system_event PASSED [ 32%]
backend\tests\genesis\test_daily_organizer.py::test_export_daily_keys PASSED [ 33%]
backend\tests\genesis\test_daily_organizer.py::test_export_empty_day PASSED [ 34%]
backend\tests\genesis\test_daily_organizer.py::test_list_organized_days PASSED [ 34%]
backend\tests\genesis\test_daily_organizer.py::test_get_daily_summary PASSED [ 35%]
backend\tests\genesis\test_deterministic_genesis_validator.py::test_run_genesis_validation_structure PASSED [ 36%]
backend\tests\genesis\test_deterministic_genesis_validator.py::test_check_genesis_import_chain_missing PASSED [ 36%]
backend\tests\genesis\test_deterministic_genesis_validator.py::test_check_genesis_schema_integrity_missing_file PASSED [ 37%]
backend\tests\genesis\test_deterministic_genesis_validator.py::test_validation_report_to_dict PASSED [ 38%]
backend\tests\genesis\test_directory_hierarchy.py::test_initialization PASSED [ 38%]
backend\tests\genesis\test_directory_hierarchy.py::test_create_directory_genesis_key PASSED [ 39%]
backend\tests\genesis\test_directory_hierarchy.py::test_create_hierarchy PASSED [ 40%]
backend\tests\genesis\test_directory_hierarchy.py::test_add_file_version PASSED [ 40%]
backend\tests\genesis\test_directory_hierarchy.py::test_get_hierarchy_statistics PASSED [ 41%]
backend\tests\genesis\test_file_version_tracker.py::test_metadata_creation PASSED [ 42%]
backend\tests\genesis\test_file_version_tracker.py::test_track_file_version_new_file PASSED [ 42%]
backend\tests\genesis\test_file_version_tracker.py::test_track_file_version_unchanged PASSED [ 43%]
backend\tests\genesis\test_file_version_tracker.py::test_get_file_versions PASSED [ 44%]
backend\tests\genesis\test_file_watcher.py::test_should_ignore PASSED    [ 44%]
backend\tests\genesis\test_file_watcher.py::test_debounce PASSED         [ 45%]
backend\tests\genesis\test_file_watcher.py::test_on_modified PASSED      [ 46%]
backend\tests\genesis\test_file_watcher.py::test_on_created PASSED       [ 46%]
backend\tests\genesis\test_file_watcher.py::test_file_watcher_service PASSED [ 47%]
backend\tests\genesis\test_genesis_key_service.py::test_generate_user_id PASSED [ 48%]
backend\tests\genesis\test_genesis_key_service.py::test_get_or_create_user_existing PASSED [ 48%]
backend\tests\genesis\test_genesis_key_service.py::test_get_or_create_user_new PASSED [ 49%]
backend\tests\genesis\test_genesis_key_service.py::test_create_key PASSED [ 50%]
backend\tests\genesis\test_genesis_key_service.py::test_create_fix_suggestion PASSED [ 51%]
backend\tests\genesis\test_genesis_key_service.py::test_apply_fix PASSED [ 51%]
backend\tests\genesis\test_genesis_version_control_logic_actual.py::test_symbiotic_track_file_change_creates_genesis_key SKIPPED [ 52%]
backend\tests\genesis\test_genesis_version_control_logic_actual.py::test_symbiotic_get_complete_history SKIPPED [ 53%]
backend\tests\genesis\test_genesis_version_control_logic_actual.py::test_symbiotic_get_stats PASSED [ 53%]
backend\tests\genesis\test_genesis_version_control_logic_actual.py::test_git_genesis_bridge_sync_mocked PASSED [ 54%]
backend\tests\genesis\test_genesis_version_control_logic_actual.py::test_git_genesis_bridge_get_last_commit_info PASSED [ 55%]
backend\tests\genesis\test_genesis_version_control_logic_actual.py::test_git_genesis_bridge_create_post_commit_hook PASSED [ 55%]
backend\tests\genesis\test_genesis_version_control_logic_actual.py::test_version_control_api_genesis_track PASSED [ 56%]
backend\tests\genesis\test_genesis_version_control_logic_actual.py::test_version_control_api_genesis_stats PASSED [ 57%]
backend\tests\genesis\test_genesis_version_control_logic_actual.py::test_version_control_api_commits PASSED [ 57%]
backend\tests\genesis\test_genesis_version_control_logic_actual.py::test_version_control_api_genesis_bridge_status PASSED [ 58%]
backend\tests\genesis\test_genesis_version_control_logic_actual.py::test_version_control_api_tree PASSED [ 59%]
backend\tests\genesis\test_git_genesis_bridge.py::test_run_git_command PASSED [ 59%]
backend\tests\genesis\test_git_genesis_bridge.py::test_get_last_commit_info PASSED [ 60%]
backend\tests\genesis\test_git_genesis_bridge.py::test_get_files_changed_in_last_commit PASSED [ 61%]
backend\tests\genesis\test_git_genesis_bridge.py::test_sync_git_commit_to_genesis_keys PASSED [ 61%]
backend\tests\genesis\test_git_genesis_bridge.py::test_create_post_commit_hook PASSED [ 62%]
backend\tests\genesis\test_git_genesis_bridge.py::test_auto_commit_genesis_tracked_files PASSED [ 63%]
backend\tests\genesis\test_healing_system.py::test_scan_for_issues PASSED [ 63%]
backend\tests\genesis\test_healing_system.py::test_heal_file_auto_apply PASSED [ 64%]
backend\tests\genesis\test_integration_example.py::test_example_user_upload_with_tracking PASSED [ 65%]
backend\tests\genesis\test_integration_example.py::test_example_ai_code_generation PASSED [ 65%]
backend\tests\genesis\test_integration_example.py::test_example_external_api_tracking PASSED [ 66%]
backend\tests\genesis\test_integration_example.py::test_example_web_fetch_tracking PASSED [ 67%]
backend\tests\genesis\test_integration_example.py::test_example_session_tracking PASSED [ 68%]
backend\tests\genesis\test_integration_example.py::test_example_complete_user_journey PASSED [ 68%]
backend\tests\genesis\test_intelligent_cicd_orchestrator.py::test_intelligent_test_selector PASSED [ 69%]
backend\tests\genesis\test_intelligent_cicd_orchestrator.py::test_webhook_event_processor PASSED [ 70%]
backend\tests\genesis\test_intelligent_cicd_orchestrator.py::test_closed_loop_feedback PASSED [ 70%]
backend\tests\genesis\test_intelligent_cicd_orchestrator.py::test_orchestrator_decision_making PASSED [ 71%]
backend\tests\genesis\test_intelligent_cicd_orchestrator.py::test_execute_decision PASSED [ 72%]
backend\tests\genesis\test_internal_pipeline.py::test_load_pipeline_yaml PASSED [ 72%]
backend\tests\genesis\test_internal_pipeline.py::test_run_pipeline PASSED [ 73%]
backend\tests\genesis\test_internal_pipeline.py::test_run_pipeline_failure PASSED [ 74%]
backend\tests\genesis\test_internal_vcs.py::test_snapshot PASSED         [ 74%]
backend\tests\genesis\test_internal_vcs.py::test_history PASSED          [ 75%]
backend\tests\genesis\test_internal_vcs.py::test_create_workspace PASSED [ 76%]
backend\tests\genesis\test_kb_integration.py::test_initialization PASSED [ 76%]
backend\tests\genesis\test_kb_integration.py::test_save_genesis_key_dict PASSED [ 77%]
backend\tests\genesis\test_kb_integration.py::test_save_genesis_key_no_session PASSED [ 78%]
backend\tests\genesis\test_kb_integration.py::test_save_user_profile PASSED [ 78%]
backend\tests\genesis\test_kb_integration.py::test_create_user_summary PASSED [ 79%]
backend\tests\genesis\test_layer1_integration.py::test_process_user_input PASSED [ 80%]
backend\tests\genesis\test_layer1_integration.py::test_process_file_upload PASSED [ 80%]
backend\tests\genesis\test_layer1_integration.py::test_process_learning_memory PASSED [ 81%]
backend\tests\genesis\test_librarian_pipeline.py::test_initialization PASSED [ 82%]
backend\tests\genesis\test_librarian_pipeline.py::test_detect_content_type PASSED [ 82%]
backend\tests\genesis\test_librarian_pipeline.py::test_ingest_content PASSED [ 83%]
backend\tests\genesis\test_librarian_pipeline.py::test_ingest_file PASSED [ 84%]
backend\tests\genesis\test_middleware.py::test_middleware_tracking PASSED [ 85%]
backend\tests\genesis\test_middleware.py::test_skip_tracking PASSED      [ 85%]
backend\tests\genesis\test_middleware.py::test_get_or_create_genesis_id PASSED [ 86%]
backend\tests\genesis\test_pipeline_integration.py::test_process_input_no_file PASSED [ 87%]
backend\tests\genesis\test_pipeline_integration.py::test_process_input_with_file PASSED [ 87%]
backend\tests\genesis\test_pipeline_integration.py::test_pipeline_stats PASSED [ 88%]
backend\tests\genesis\test_realtime.py::test_on_key_created PASSED       [ 89%]
backend\tests\genesis\test_realtime.py::test_error_tracking PASSED       [ 89%]
backend\tests\genesis\test_realtime.py::test_watchers PASSED             [ 90%]
backend\tests\genesis\test_realtime.py::test_error_watchers PASSED       [ 91%]
backend\tests\genesis\test_realtime.py::test_alerts PASSED               [ 91%]
backend\tests\genesis\test_realtime.py::test_stream_stats PASSED         [ 92%]
backend\tests\genesis\test_repo_scanner.py::test_repo_scanner_basic PASSED [ 93%]
backend\tests\genesis\test_repo_scanner.py::test_save_immutable_memory PASSED [ 93%]
backend\tests\genesis\test_repo_scanner.py::test_find_by_genesis_key PASSED [ 94%]
backend\tests\genesis\test_repo_scanner.py::test_scan_and_save_repo PASSED [ 95%]
backend\tests\genesis\test_symbiotic_version_control.py::test_track_file_change PASSED [ 95%]
backend\tests\genesis\test_tracking_middleware.py::test_track_file_operation PASSED [ 96%]
backend\tests\genesis\test_tracking_middleware.py::test_track_file_operation_error PASSED [ 97%]
backend\tests\genesis\test_tracking_middleware.py::test_track_database_operation PASSED [ 97%]
backend\tests\genesis\test_whitelist_learning_pipeline.py::test_pipeline_initialization_and_process PASSED [ 98%]
backend\tests\genesis\test_whitelist_learning_pipeline.py::test_pipeline_low_trust_rejection PASSED [ 99%]
backend\tests\genesis\test_whitelist_learning_pipeline.py::test_pipeline_statistics PASSED [100%]

======================= 145 passed, 2 skipped in 2.42s ========================
