============================= test session starts =============================
platform win32 -- Python 3.11.9, pytest-9.0.1, pluggy-1.6.0 -- C:\Users\aaron\AppData\Local\Programs\Python\Python311\python.exe
cachedir: .pytest_cache
rootdir: C:\Users\aaron\Desktop\grace-3.1--Aaron-new2
plugins: anyio-4.11.0, asyncio-1.3.0, cov-7.0.0
asyncio: mode=Mode.STRICT, debug=False, asyncio_default_fixture_loop_scope=None, asyncio_default_test_loop_scope=function
collecting ... collected 6 items

tests/backend/cognitive/test_ghost_memory.py::test_start_and_append PASSED [ 16%]
tests/backend/cognitive/test_ghost_memory.py::test_cache_bounds FAILED   [ 33%]
tests/backend/cognitive/test_ghost_memory.py::test_get_context FAILED    [ 50%]
tests/backend/cognitive/test_ghost_memory.py::test_is_task_done PASSED   [ 66%]
tests/backend/cognitive/test_ghost_memory.py::test_complete_task FAILED  [ 83%]
tests/backend/cognitive/test_ghost_memory.py::test_evolve_playbook PASSED [100%]

================================== FAILURES ===================================
______________________________ test_cache_bounds ______________________________

ghost = <backend.cognitive.ghost_memory.GhostMemory object at 0x0000026F260AA4D0>

    def test_cache_bounds(ghost):
        ghost.start_task("Test task")
        for i in range(250):
            ghost.append("code", f"statement {i}")
    
        stats = ghost.get_stats()
>       assert stats["cache_size"] == 100  # Truncated to array of last 100
        ^^^^^^^^^^^^^^^^^^^^^^^^^^^^^^^^^
E       assert 150 == 100

tests\backend\cognitive\test_ghost_memory.py:38: AssertionError
______________________________ test_get_context _______________________________

ghost = <backend.cognitive.ghost_memory.GhostMemory object at 0x0000026F260A7C10>

    def test_get_context(ghost):
        ghost.start_task("Test task")
        ghost.append("info", "Small chunk")
        ghost.append("info", "A" * 10000)  # Huge chunk
    
        context = ghost.get_context(max_tokens=100)
        # The max_tokens filter will truncate
>       assert "Small chunk" not in context  # Might be pushed out by the big text slice
        ^^^^^^^^^^^^^^^^^^^^^^^^^^^^^^^^^^^
E       AssertionError: assert 'Small chunk' not in '[task_start...AAAAAAAAAAAA'
E         
E         'Small chunk' is contained here:
E           [task_start] Test task
E           [info] Small chunk
E           [info] AAAAAAAAAAAAAAAAAAAAAAAAAAAAAAAAAAAAAAAAAAAAAAAAAAAAAAAAAAAAAAAAAAAAAAAAAAAAAAAAAAAAAAAAAAAAAAAAAAAAAAAAAAAAAAAAAAAAAAAAAAAAAAAAAAAAAAAAAAAAAAAAAAAAAAAAAAAAAAAAAAAAAAAAAAAAAAAAAAAAAAAAAAAAAAAAAAAAAAAA

tests\backend\cognitive\test_ghost_memory.py:48: AssertionError
_____________________________ test_complete_task ______________________________

args = ()
keywargs = {'ghost': <backend.cognitive.ghost_memory.GhostMemory object at 0x0000026F26108310>}

    @wraps(func)
    def patched(*args, **keywargs):
>       with self.decoration_helper(patched,
                                    args,
                                    keywargs) as (newargs, newkeywargs):

..\..\AppData\Local\Programs\Python\Python311\Lib\unittest\mock.py:1375: 
_ _ _ _ _ _ _ _ _ _ _ _ _ _ _ _ _ _ _ _ _ _ _ _ _ _ _ _ _ _ _ _ _ _ _ _ _ _ _ _
..\..\AppData\Local\Programs\Python\Python311\Lib\contextlib.py:137: in __enter__
    return next(self.gen)
           ^^^^^^^^^^^^^^
..\..\AppData\Local\Programs\Python\Python311\Lib\unittest\mock.py:1357: in decoration_helper
    arg = exit_stack.enter_context(patching)
          ^^^^^^^^^^^^^^^^^^^^^^^^^^^^^^^^^^
..\..\AppData\Local\Programs\Python\Python311\Lib\contextlib.py:517: in enter_context
    result = _enter(cm)
             ^^^^^^^^^^
..\..\AppData\Local\Programs\Python\Python311\Lib\unittest\mock.py:1446: in __enter__
    original, local = self.get_original()
                      ^^^^^^^^^^^^^^^^^^^
_ _ _ _ _ _ _ _ _ _ _ _ _ _ _ _ _ _ _ _ _ _ _ _ _ _ _ _ _ _ _ _ _ _ _ _ _ _ _ _

self = <unittest.mock._patch object at 0x0000026F25819250>

    def get_original(self):
        target = self.getter()
        name = self.attribute
    
        original = DEFAULT
        local = False
    
        try:
            original = target.__dict__[name]
        except (AttributeError, KeyError):
            original = getattr(target, name, DEFAULT)
        else:
            local = True
    
        if name in _builtins and isinstance(target, ModuleType):
            self.create = True
    
        if not self.create and original is DEFAULT:
>           raise AttributeError(
                "%s does not have the attribute %r" % (target, name)
            )
E           AttributeError: <module 'backend.cognitive.ghost_memory' from 'c:\\Users\\aaron\\Desktop\\grace-3.1--Aaron-new2\\backend\\cognitive\\ghost_memory.py'> does not have the attribute 'track'

..\..\AppData\Local\Programs\Python\Python311\Lib\unittest\mock.py:1419: AttributeError
=========================== short test summary info ===========================
FAILED tests/backend/cognitive/test_ghost_memory.py::test_cache_bounds - asse...
FAILED tests/backend/cognitive/test_ghost_memory.py::test_get_context - Asser...
FAILED tests/backend/cognitive/test_ghost_memory.py::test_complete_task - Att...
========================= 3 failed, 3 passed in 0.17s =========================
