============================= test session starts =============================
platform win32 -- Python 3.14.2, pytest-9.0.2, pluggy-1.6.0 -- C:\Python314\python.exe
cachedir: .pytest_cache
rootdir: C:\Users\aaron\Desktop\grace-3.1--Aaron-new2\backend
configfile: pytest.ini
plugins: anyio-4.12.1, asyncio-1.3.0, cov-7.0.0, timeout-2.4.0
asyncio: mode=Mode.AUTO, debug=False, asyncio_default_fixture_loop_scope=None, asyncio_default_test_loop_scope=function
collecting ... collected 4 items

backend\tests\cognitive\test_architecture_actual.py::test_compass_actual_logic PASSED [ 25%]
backend\tests\cognitive\test_architecture_actual.py::test_blueprint_models_logic PASSED [ 50%]
backend\tests\cognitive\test_architecture_actual.py::test_playbook_stats PASSED [ 75%]
backend\tests\cognitive\test_architecture_actual.py::test_architecture_proposer_logic FAILED [100%]

================================== FAILURES ===================================
______________________ test_architecture_proposer_logic _______________________
backend\tests\cognitive\test_architecture_actual.py:70: in test_architecture_proposer_logic
    monkeypatch.setattr(ap, "get_llm_for_task", lambda x: MockLLM())
E   AttributeError: <module 'backend.cognitive.architecture_proposer' from 'C:\\Users\\aaron\\Desktop\\grace-3.1--Aaron-new2\\backend\\cognitive\\architecture_proposer.py'> has no attribute 'get_llm_for_task'
=========================== short test summary info ===========================
FAILED backend\tests\cognitive\test_architecture_actual.py::test_architecture_proposer_logic
========================= 1 failed, 3 passed in 5.48s =========================
