============================= test session starts =============================
platform win32 -- Python 3.11.9, pytest-9.0.1, pluggy-1.6.0 -- C:\Users\aaron\AppData\Local\Programs\Python\Python311\python.exe
cachedir: .pytest_cache
rootdir: C:\Users\aaron\Desktop\grace-3.1--Aaron-new2
plugins: anyio-4.11.0, asyncio-1.3.0, cov-7.0.0
asyncio: mode=Mode.STRICT, debug=False, asyncio_default_fixture_loop_scope=None, asyncio_default_test_loop_scope=function
collecting ... collected 2 items

tests/backend/cognitive/test_cognitive_e2e_loop.py::test_cognitive_framework_e2e_pipeline FAILED [ 50%]
tests/backend/cognitive/test_cognitive_e2e_loop.py::test_ooda_loop_executor_direct PASSED [100%]

================================== FAILURES ===================================
____________________ test_cognitive_framework_e2e_pipeline ____________________

sample_cognitive_event = CognitiveEvent(id='evt_test_123', type='system.crash', source_component='database_service', timestamp=datetime.datetim...nfo=TzInfo(UTC)), severity=5, recurrence_count=0, payload={'error': 'Connection pool exhausted', 'stack_trace': '...'})

    @pytest.mark.asyncio
    async def test_cognitive_framework_e2e_pipeline(sample_cognitive_event):
        """
        Tests the full execution pipeline of Grace's Cognitive Framework:
        Event -> Consequence Engine -> Escalation -> OODA Blueprint -> Task Queue
        """
    
        # Setup Mocks so we don't hit live Event Bus / Database
        with patch("backend.core.clarity_framework.ClarityFramework.record_decision") as mock_clarity, \
             patch("backend.cognitive.event_bus.publish") as mock_bus_publish, \
             patch("backend.coding_agent.task_queue.submit") as mock_queue_submit, \
             patch("backend.api._genesis_tracker.track") as mock_track:
    
            # Mock Task Queue
            mock_queue_submit.return_value = "task_999"
    
            # Mock Event Bus
            mock_bus = MagicMock()
>           mock_bus_getter.return_value = mock_bus
            ^^^^^^^^^^^^^^^
E           NameError: name 'mock_bus_getter' is not defined

tests\backend\cognitive\test_cognitive_e2e_loop.py:50: NameError
============================== warnings summary ===============================
tests/backend/cognitive/test_cognitive_e2e_loop.py::test_cognitive_framework_e2e_pipeline
  C:\Users\aaron\AppData\Local\Programs\Python\Python311\Lib\site-packages\_pytest\threadexception.py:58: PytestUnhandledThreadExceptionWarning: Exception in thread zmq-event-bridge
  
  Traceback (most recent call last):
    File "C:\Users\aaron\AppData\Local\Programs\Python\Python311\Lib\threading.py", line 1045, in _bootstrap_inner
      self.run()
    File "C:\Users\aaron\AppData\Local\Programs\Python\Python311\Lib\threading.py", line 982, in run
      self._target(*self._args, **self._kwargs)
    File "C:\Users\aaron\Desktop\grace-3.1--Aaron-new2\backend\cognitive\event_bus.py", line 116, in _zmq_bridge_loop
      _zmq_pub_socket.bind(ZMQ_PUB_ENDPOINT)
    File "C:\Users\aaron\AppData\Roaming\Python\Python311\site-packages\zmq\sugar\socket.py", line 320, in bind
      super().bind(addr)
    File "zmq/backend/cython/_zmq.py", line 1009, in zmq.backend.cython._zmq.Socket.bind
    File "zmq/backend/cython/_zmq.py", line 190, in zmq.backend.cython._zmq._check_rc
  zmq.error.ZMQError: Address in use (addr='tcp://127.0.0.1:5520')
  
  Enable tracemalloc to get traceback where the object was allocated.
  See https://docs.pytest.org/en/stable/how-to/capture-warnings.html#resource-warnings for more info.
    warnings.warn(pytest.PytestUnhandledThreadExceptionWarning(msg))

-- Docs: https://docs.pytest.org/en/stable/how-to/capture-warnings.html
=========================== short test summary info ===========================
FAILED tests/backend/cognitive/test_cognitive_e2e_loop.py::test_cognitive_framework_e2e_pipeline
=================== 1 failed, 1 passed, 1 warning in 21.10s ===================
