============================= test session starts =============================
platform win32 -- Python 3.11.9, pytest-9.0.1, pluggy-1.6.0 -- C:\Users\aaron\AppData\Local\Programs\Python\Python311\python.exe
cachedir: .pytest_cache
rootdir: C:\Users\aaron\Desktop\grace-3.1--Aaron-new2
plugins: anyio-4.11.0, asyncio-1.3.0, cov-7.0.0
asyncio: mode=Mode.STRICT, debug=False, asyncio_default_fixture_loop_scope=None, asyncio_default_test_loop_scope=function
collecting ... collected 3 items

tests/backend/cognitive/test_hunter_assimilator.py::test_is_hunter_request PASSED [ 33%]
tests/backend/cognitive/test_hunter_assimilator.py::test_assimilate_full_pipeline FAILED [ 66%]
tests/backend/cognitive/test_hunter_assimilator.py::test_assimilate_with_issues_fixed PASSED [100%]

================================== FAILURES ===================================
________________________ test_assimilate_full_pipeline ________________________

mock_mkdir = <MagicMock name='mkdir' id='2080744426512'>
mock_exists = <MagicMock name='exists' id='2080744433680'>
mock_write = <MagicMock name='write_text' id='2080744438800'>
hunter = <backend.cognitive.hunter_assimilator.HunterAssimilator object at 0x000001E47607BB50>

    @patch("pathlib.Path.write_text")
    @patch("pathlib.Path.exists")
    @patch("pathlib.Path.mkdir")
    def test_assimilate_full_pipeline(mock_mkdir, mock_exists, mock_write, hunter):
        code = """
    ```filepath: new_feature.py
    class NewFeature(BaseModel):
        pass
    ```
        """
    
        # Mock exists to say kb doesn't conflict
        mock_exists.return_value = False
    
>       result = hunter.assimilate(code, description="Implement NewFeature")
                 ^^^^^^^^^^^^^^^^^^^^^^^^^^^^^^^^^^^^^^^^^^^^^^^^^^^^^^^^^^^

tests\backend\cognitive\test_hunter_assimilator.py:82: 
_ _ _ _ _ _ _ _ _ _ _ _ _ _ _ _ _ _ _ _ _ _ _ _ _ _ _ _ _ _ _ _ _ _ _ _ _ _ _ _
backend\cognitive\hunter_assimilator.py:129: in assimilate
    step8 = self._step_write_files(code, result.files_created, project_folder)
            ^^^^^^^^^^^^^^^^^^^^^^^^^^^^^^^^^^^^^^^^^^^^^^^^^^^^^^^^^^^^^^^^^^
backend\cognitive\hunter_assimilator.py:386: in _step_write_files
    file_blocks = re.findall(r'```filepath:\s*(.+?)\n(.*?)```', code, re.DOTALL)
                  ^^^^^^^^^^^^^^^^^^^^^^^^^^^^^^^^^^^^^^^^^^^^^^^^^^^^^^^^^^^^^^
_ _ _ _ _ _ _ _ _ _ _ _ _ _ _ _ _ _ _ _ _ _ _ _ _ _ _ _ _ _ _ _ _ _ _ _ _ _ _ _

pattern = '```filepath:\\s*(.+?)\\n(.*?)```'
string = <MagicMock name='mock.CognitivePipeline().run().llm_response' id='2080744540176'>
flags = re.DOTALL

    def findall(pattern, string, flags=0):
        """Return a list of all non-overlapping matches in the string.
    
        If one or more capturing groups are present in the pattern, return
        a list of groups; this will be a list of tuples if the pattern
        has more than one group.
    
        Empty matches are included in the result."""
>       return _compile(pattern, flags).findall(string)
               ^^^^^^^^^^^^^^^^^^^^^^^^^^^^^^^^^^^^^^^^
E       TypeError: expected string or bytes-like object, got 'MagicMock'

..\..\AppData\Local\Programs\Python\Python311\Lib\re\__init__.py:216: TypeError
=========================== short test summary info ===========================
FAILED tests/backend/cognitive/test_hunter_assimilator.py::test_assimilate_full_pipeline
========================= 1 failed, 2 passed in 0.12s =========================
