============================= test session starts =============================
platform win32 -- Python 3.11.9, pytest-9.0.1, pluggy-1.6.0 -- C:\Users\aaron\AppData\Local\Programs\Python\Python311\python.exe
cachedir: .pytest_cache
rootdir: C:\Users\aaron\Desktop\grace-3.1--Aaron-new2
plugins: anyio-4.11.0, asyncio-1.3.0, cov-7.0.0
asyncio: mode=Mode.STRICT, debug=False, asyncio_default_fixture_loop_scope=None, asyncio_default_test_loop_scope=function
collecting ... collected 0 items / 1 error

=================================== ERRORS ====================================
_______ ERROR collecting tests/backend/cognitive/test_synaptic_core.py ________
ImportError while importing test module 'C:\Users\aaron\Desktop\grace-3.1--Aaron-new2\tests\backend\cognitive\test_synaptic_core.py'.
Hint: make sure your test modules/packages have valid Python names.
Traceback:
..\..\AppData\Local\Programs\Python\Python311\Lib\importlib\__init__.py:126: in import_module
    return _bootstrap._gcd_import(name[level:], package, level)
           ^^^^^^^^^^^^^^^^^^^^^^^^^^^^^^^^^^^^^^^^^^^^^^^^^^^^
tests\backend\cognitive\test_synaptic_core.py:3: in <module>
    from backend.cognitive.synaptic_core import SynapticCore
backend\cognitive\synaptic_core.py:12: in <module>
    from llm_orchestrator.factory import get_llm_client, get_llm_for_task
backend\llm_orchestrator\__init__.py:14: in <module>
    from .repo_access import RepositoryAccessLayer
backend\llm_orchestrator\repo_access.py:31: in <module>
    from retrieval.retriever import DocumentRetriever
backend\retrieval\retriever.py:10: in <module>
    from embedding.embedder import EmbeddingModel
backend\embedding\embedder.py:12: in <module>
    from sentence_transformers import SentenceTransformer
..\..\AppData\Local\Programs\Python\Python311\Lib\site-packages\sentence_transformers\__init__.py:3: in <module>
    from .datasets import SentencesDataset, ParallelSentencesDataset
..\..\AppData\Local\Programs\Python\Python311\Lib\site-packages\sentence_transformers\datasets\__init__.py:3: in <module>
    from .ParallelSentencesDataset import ParallelSentencesDataset
..\..\AppData\Local\Programs\Python\Python311\Lib\site-packages\sentence_transformers\datasets\ParallelSentencesDataset.py:4: in <module>
    from .. import SentenceTransformer
..\..\AppData\Local\Programs\Python\Python311\Lib\site-packages\sentence_transformers\SentenceTransformer.py:12: in <module>
    from huggingface_hub import HfApi, HfFolder, Repository, hf_hub_url, cached_download
E   ImportError: cannot import name 'cached_download' from 'huggingface_hub' (C:\Users\aaron\AppData\Local\Programs\Python\Python311\Lib\site-packages\huggingface_hub\__init__.py)
=========================== short test summary info ===========================
ERROR tests/backend/cognitive/test_synaptic_core.py
!!!!!!!!!!!!!!!!!!! Interrupted: 1 error during collection !!!!!!!!!!!!!!!!!!!!
============================== 1 error in 4.32s ===============================
