============================= test session starts =============================
platform win32 -- Python 3.14.2, pytest-9.0.2, pluggy-1.6.0
rootdir: C:\Users\aaron\Desktop\grace-3.1--Aaron-new2\backend
configfile: pytest.ini
plugins: anyio-4.12.1, asyncio-1.3.0, cov-7.0.0
asyncio: mode=Mode.AUTO, debug=False, asyncio_default_fixture_loop_scope=None, asyncio_default_test_loop_scope=function
collected 1874 items

<Package backend>
  <Package tests>
    <Dir cognitive>
      <Module test_scoring_engine.py>
        <Function test_trust_aggregator_initialization>
        <Function test_normalize_score>
        <Function test_evaluate_pipeline_success>
        <Function test_evaluate_pipeline_failure_smt>
        <Function test_evaluate_pipeline_failure_multiple>
    <Package embedding>
      <Module test_embedding_performance.py>
        <UnitTestCase TestEmbeddingModel>
          <TestCaseFunction test_batch_processing_consistency>
          <TestCaseFunction test_batch_size_parameter>
          <TestCaseFunction test_cluster_texts>
          <TestCaseFunction test_different_texts_produce_different_embeddings>
          <TestCaseFunction test_embed_with_scores>
          <TestCaseFunction test_embedding_dimension_consistency>
          <TestCaseFunction test_embedding_numpy_output>
          <TestCaseFunction test_embeddings_are_normalized>
          <TestCaseFunction test_identical_texts_produce_identical_embeddings>
          <TestCaseFunction test_most_similar_ranking>
          <TestCaseFunction test_most_similar_top_k>
          <TestCaseFunction test_most_similar_with_instruction>
          <TestCaseFunction test_multiple_texts_embedding_shape>
          <TestCaseFunction test_similarity_cosine_metric>
          <TestCaseFunction test_similarity_euclidean_metric>
          <TestCaseFunction test_similarity_identical_texts>
          <TestCaseFunction test_similarity_list_inputs>
          <TestCaseFunction test_similarity_semantically_related>
          <TestCaseFunction test_similarity_symmetry>
          <TestCaseFunction test_similarity_very_different_texts>
          <TestCaseFunction test_single_text_embedding_shape>
      <Module test_model_loading.py>
        <UnitTestCase TestVRAMUsage>
          <TestCaseFunction test_vram_usage_load_unload_cycle>
    <Dir grace_os>
      <Module test_grace_os_message_bus.py>
        <Coroutine test_successful_point_to_point>
        <Coroutine test_chained_messages>
        <Coroutine test_exponential_backoff_retries>
        <Coroutine test_exponential_backoff_exhaustion>
        <Coroutine test_cycle_detection>
        <Coroutine test_broadcast>
    <Package integration>
      <Module test_monitoring.py>
        <Class TestHealthEndpoints>
          <Function test_root_returns_200>
          <Function test_health_returns_status>
          <Function test_runtime_status>
          <Function test_resilience_endpoint>
        <Class TestBrainDirectory>
          <Function test_brain_v1_directory>
          <Function test_brain_v2_directory>
        <Class TestGenesisKeys>
          <Function test_genesis_stats>
          <Function test_genesis_keys_list>
    <Package ollama>
      <Module ollama_test.py>
        <UnitTestCase TestOllamaConnection>
          <TestCaseFunction test_get_available_models>
          <TestCaseFunction test_get_running_models>
          <TestCaseFunction test_ollama_service_running>
        <UnitTestCase TestOllamaResponseGeneration>
          <TestCaseFunction test_chat_endpoint>
          <TestCaseFunction test_chat_multi_turn>
          <TestCaseFunction test_coding_question>
          <TestCaseFunction test_creative_writing>
          <TestCaseFunction test_factual_question>
          <TestCaseFunction test_multi_turn_conversation>
          <TestCaseFunction test_response_with_different_temperatures>
          <TestCaseFunction test_simple_prompt>
    <Package reliability>
      <Module test_circuit_breaker.py>
        <Class TestCircuitBreaker>
          <Function test_breaker_starts_closed>
          <Function test_breaker_opens_after_threshold>
          <Function test_breaker_rejects_when_open>
          <Function test_breaker_recovers>
          <Function test_breaker_status>
        <Class TestErrorBoundary>
          <Function test_boundary_contains_exception>
          <Function test_boundary_decorator>
        <Class TestGracefulDegradation>
          <Function test_default_level_is_full>
          <Function test_set_and_get_level>
          <Function test_status_returns_all_levels>
    <Package security>
      <Module test_input_validation.py>
        <Class TestSQLInjectionPrevention>
          <Function test_brain_rejects_sql_injection_in_action>
          <Function test_brain_rejects_path_traversal>
        <Class TestMalformedInput>
          <Function test_non_json_body_handled>
          <Function test_oversized_payload_handled>
        <Class TestGenesisKeyIntegrity>
          <Function test_genesis_stats_returns_valid_data>
    <Module test_agent_comprehensive.py>
      <Class TestTaskStatus>
        <Function test_all_statuses_defined>
        <Function test_status_values>
        <Function test_status_comparison>
        <Function test_status_iteration>
      <Class TestAgentConfig>
        <Function test_default_values>
        <Function test_custom_values>
        <Function test_safety_settings>
        <Function test_learning_settings>
      <Class TestTaskResult>
        <Function test_default_values>
        <Function test_task_result_with_files>
        <Function test_task_result_with_actions>
        <Function test_task_result_with_error>
        <Function test_to_dict>
        <Function test_to_dict_with_timestamps>
      <Class TestGraceAgentInit>
        <Function test_default_init>
        <Function test_custom_config_init>
        <Function test_init_with_components>
      <Class TestTaskClassification>
        <Function test_classify_bug_fix_tasks>
        <Function test_classify_feature_tasks>
        <Function test_classify_refactor_tasks>
        <Function test_classify_testing_tasks>
        <Function test_classify_documentation_tasks>
        <Function test_classify_review_tasks>
        <Function test_classify_general_tasks>
      <Class TestEntityExtraction>
        <Function test_extract_file_paths>
        <Function test_extract_function_names>
        <Function test_extract_class_names>
        <Function test_extract_mixed_entities>
        <Function test_extract_no_entities>
        <Function test_filter_keywords>
      <Class TestPlanCreation>
        <Coroutine test_bug_fix_plan>
        <Coroutine test_feature_plan>
        <Coroutine test_refactor_plan>
        <Coroutine test_general_plan>
      <Class TestFailureHandling>
        <Coroutine test_handle_not_found_error>
        <Coroutine test_handle_permission_error>
        <Coroutine test_handle_timeout_error>
        <Coroutine test_handle_repeated_failures>
      <Class TestConvenienceMethods>
        <Coroutine test_write_code_method>
        <Coroutine test_fix_bug_method>
        <Coroutine test_run_tests_method>
        <Coroutine test_refactor_method>
      <Class TestSummaryCreation>
        <Coroutine test_summary_basic>
        <Coroutine test_summary_with_files>
        <Coroutine test_summary_with_error>
      <Class TestAgentIntegration>
        <Coroutine test_solve_task_complete_flow>
        <Coroutine test_solve_task_with_error>
    <Module test_all_genesis_connections.py>
      <Function test_memory_mesh_connection>
      <Function test_layer1_folder_connection>
      <Function test_librarian_connection>
      <Function test_rag_connection>
      <Function test_ingestion_connection>
      <Function test_autonomous_triggers>
    <Module test_analyzer.py>
      <Function test_analyzer>
    <Module test_api_codebase.py>
      <Class TestCodebaseRepositories>
        <Function test_list_repositories>
        <Function test_get_repository_info>
        <Function test_add_repository>
      <Class TestCodebaseFiles>
        <Function test_list_files>
        <Function test_get_file_content>
        <Function test_get_file_with_line_range>
      <Class TestCodebaseSearch>
        <Function test_search_code>
        <Function test_search_code_regex>
      <Class TestCodebaseCommits>
        <Function test_get_commits>
        <Function test_get_commits_with_limit>
        <Function test_get_commit_details>
      <Class TestCodebaseAnalysis>
        <Function test_analyze_codebase>
        <Function test_get_code_metrics>
        <Function test_analyze_file>
    <Module test_api_cognitive.py>
      <Class TestCognitiveStatus>
        <Function test_get_cognitive_status>
        <Function test_get_cognitive_health>
      <Class TestCognitiveEngine>
        <Function test_process_cognitive_query>
        <Function test_cognitive_observe>
        <Function test_cognitive_orient>
      <Class TestMemoryMesh>
        <Function test_get_memory_status>
        <Function test_store_memory>
        <Function test_retrieve_memories>
      <Class TestContradictionDetection>
        <Function test_detect_contradictions>
        <Function test_get_contradiction_history>
      <Class TestLearningSubagents>
        <Function test_get_subagent_status>
        <Function test_create_learning_task>
        <Function test_get_learning_progress>
    <Module test_api_genesis.py>
      <Class TestGenesisKeysStatus>
        <Function test_get_genesis_status>
        <Function test_get_genesis_stats>
      <Class TestGenesisKeyCreation>
        <Function test_create_genesis_key>
        <Function test_create_genesis_key_missing_fields>
        <Function test_create_genesis_key_invalid_type>
      <Class TestGenesisKeyRetrieval>
        <Function test_get_genesis_key_by_id>
        <Function test_get_genesis_keys_by_entity>
        <Function test_list_genesis_keys>
        <Function test_list_genesis_keys_with_filters>
      <Class TestGenesisKeyVerification>
        <Function test_verify_genesis_key>
        <Function test_verify_chain>
      <Class TestGenesisKeyHistory>
        <Function test_get_key_history>
        <Function test_get_entity_history>
      <Class TestGenesisKeyOrganizer>
        <Function test_organize_keys>
        <Function test_get_daily_summary>
      <Class TestGenesisKeyCICD>
        <Function test_get_cicd_status>
        <Function test_trigger_cicd_check>
    <Module test_api_governance.py>
      <Class TestGovernanceStatus>
        <Function test_get_governance_status>
        <Function test_get_governance_overview>
      <Class TestGovernanceRules>
        <Function test_get_rules>
        <Function test_create_rule>
        <Function test_get_rule_by_id>
        <Function test_update_rule>
        <Function test_delete_rule>
      <Class TestGovernanceApprovals>
        <Function test_get_pending_approvals>
        <Function test_approve_action>
        <Function test_reject_action>
        <Function test_get_approval_history>
      <Class TestGovernancePillars>
        <Function test_get_pillars>
        <Function test_get_pillar_status>
      <Class TestGovernanceAudit>
        <Function test_get_audit_log>
        <Function test_get_audit_log_filtered>
      <Class TestGovernanceDocuments>
        <Function test_upload_governance_document>
        <Function test_get_governance_documents>
        <Function test_get_document_by_id>
    <Module test_api_layer1.py>
      <Class TestLayer1UserInput>
        <Function test_process_user_input_success>
        <Function test_process_user_input_missing_fields>
      <Class TestLayer1Stats>
        <Function test_get_layer1_stats>
        <Function test_verify_layer1_structure>
      <Class TestLayer1Cognitive>
        <Function test_get_cognitive_status>
        <Function test_get_decision_history>
        <Function test_get_active_decisions>
      <Class TestWhitelistEndpoints>
        <Function test_get_whitelist>
        <Function test_get_whitelist_logs>
        <Function test_post_whitelist>
        <Function test_patch_whitelist_entry>
        <Function test_patch_whitelist_invalid_type>
        <Function test_delete_whitelist_entry>
        <Function test_delete_whitelist_invalid_type>
      <Class TestLayer1ExternalAPI>
        <Function test_process_external_api>
        <Function test_process_memory_mesh>
        <Function test_process_system_event>
    <Module test_api_librarian.py>
      <Class TestLibrarianStatus>
        <Function test_get_librarian_status>
        <Function test_get_librarian_stats>
      <Class TestLibrarianRules>
        <Function test_get_rules>
        <Function test_create_rule>
        <Function test_get_rule_by_id>
        <Function test_update_rule>
        <Function test_delete_rule>
      <Class TestLibrarianTags>
        <Function test_get_all_tags>
        <Function test_create_tag>
        <Function test_assign_tag>
        <Function test_remove_tag>
        <Function test_get_documents_by_tag>
      <Class TestLibrarianCategories>
        <Function test_get_categories>
        <Function test_create_category>
        <Function test_assign_category>
      <Class TestLibrarianRelationships>
        <Function test_detect_relationships>
        <Function test_get_relationships>
        <Function test_create_relationship>
      <Class TestLibrarianActions>
        <Function test_get_pending_actions>
        <Function test_approve_action>
        <Function test_reject_action>
        <Function test_get_action_history>
      <Class TestLibrarianAI>
        <Function test_analyze_document>
        <Function test_suggest_tags>
        <Function test_suggest_category>
    <Module test_api_ml_intelligence.py>
      <Class TestMLIntelligenceStatus>
        <Function test_get_ml_status>
        <Function test_get_ml_health>
      <Class TestNeuralTrustScorer>
        <Function test_score_trust>
        <Function test_get_trust_stats>
        <Function test_batch_trust_scores>
      <Class TestMultiArmedBandit>
        <Function test_select_arm>
        <Function test_update_reward>
        <Function test_get_bandit_stats>
      <Class TestUncertaintyQuantification>
        <Function test_quantify_uncertainty>
        <Function test_get_uncertainty_stats>
      <Class TestMetaLearning>
        <Function test_meta_learn>
        <Function test_get_meta_stats>
      <Class TestActiveLearning>
        <Function test_select_samples>
        <Function test_update_model>
      <Class TestNeuroSymbolicReasoning>
        <Function test_reason>
        <Function test_get_reasoning_history>
    <Module test_api_monitoring.py>
      <Class TestMonitoringOrgans>
        <Function test_get_organs_status>
      <Class TestMonitoringHealth>
        <Function test_get_system_health>
      <Class TestMonitoringMetrics>
        <Function test_get_realtime_metrics>
      <Class TestMonitoringComponents>
        <Function test_get_component_status>
      <Class TestMonitoringActivity>
        <Function test_get_recent_activity>
        <Function test_get_activity_with_limit>
    <Module test_api_retrieval.py>
      <Class TestRetrievalStatus>
        <Function test_get_retrieval_status>
      <Class TestSemanticSearch>
        <Function test_semantic_search>
        <Function test_semantic_search_with_filters>
        <Function test_semantic_search_with_folder>
        <Function test_semantic_search_empty_query>
      <Class TestReranking>
        <Function test_search_with_reranking>
        <Function test_rerank_results>
      <Class TestCognitiveRetrieval>
        <Function test_cognitive_search>
        <Function test_cognitive_search_with_history>
      <Class TestDocumentRetrieval>
        <Function test_get_document_chunks>
        <Function test_get_similar_documents>
      <Class TestRAGContext>
        <Function test_build_context>
        <Function test_build_context_with_threshold>
      <Class TestVectorDBOperations>
        <Function test_get_collection_stats>
        <Function test_get_collections>
    <Module test_app.py>
      <Class TestRootEndpoint>
        <Function test_root_endpoint>
      <Class TestHealthEndpoint>
        <Function test_health_endpoint>
        <Function test_health_full_endpoint>
      <Class TestChatEndpoint>
        <Function test_chat_endpoint_with_valid_request>
        <Function test_chat_endpoint_with_multiple_messages>
        <Function test_chat_endpoint_without_model>
        <Function test_chat_endpoint_with_invalid_temperature>
      <Class TestDocumentation>
        <Function test_swagger_docs_available>
        <Function test_redoc_docs_available>
    <Module test_ask_grace.py>
      <Class TestAskGraceConnector>
        <Function test_connector_registers_with_bus>
        <Function test_connector_request_handlers_registered>
        <Function test_connector_autonomous_actions_registered>
        <Function test_connector_records_queries>
        <Function test_connector_query_limit>
        <Function test_gather_system_context>
      <Class TestIntentClassification>
        <Function test_health_intents>
        <Function test_component_intents>
        <Function test_bus_intents>
        <Function test_genesis_intents>
        <Function test_probe_intents>
        <Function test_capability_intents>
        <Function test_general_fallback>
      <Class TestDeterministicResponses>
        <Function test_health_response_with_context>
        <Function test_bus_response_with_context>
        <Function test_component_response_with_category>
        <Function test_general_returns_none>
      <Class TestCognitiveEventBusIntegration>
        <Function test_event_published_on_query>
        <Function test_events_appear_in_log>
      <Class TestContextAggregation>
        <Function test_builds_context_with_available_sources>
        <Function test_bus_query_includes_bus_stats>
      <Class TestContextSummarization>
        <Function test_summarize_with_data>
        <Function test_summarize_empty>
    <Module test_autonomous_healing_simulation.py>
      <Function test_simulation_mode_stubbed_actions>
    <Module test_autonomous_sandbox_lab.py>
      <Class TestExperimentStatus>
        <Function test_all_statuses_exist>
        <Function test_status_values>
      <Class TestExperimentType>
        <Function test_all_types_exist>
        <Function test_type_values>
      <Class TestTrustThreshold>
        <Function test_threshold_values>
        <Function test_threshold_ordering>
      <Class TestExperiment>
        <Function test_experiment_creation>
        <Function test_experiment_with_custom_id>
        <Function test_experiment_initial_values>
        <Function test_get_success_rate_no_data>
        <Function test_get_success_rate_with_data>
        <Function test_get_trial_days_elapsed_no_trial>
        <Function test_get_trial_days_elapsed_active_trial>
        <Function test_get_trial_days_remaining>
        <Function test_is_trial_complete>
        <Function test_is_trial_not_complete>
      <Class TestExperimentGates>
        <Function test_can_enter_sandbox_true>
        <Function test_can_enter_sandbox_low_trust>
        <Function test_can_enter_sandbox_wrong_status>
        <Function test_can_enter_trial_true>
        <Function test_can_enter_trial_no_implementation>
        <Function test_can_promote_to_production>
        <Function test_can_auto_approve>
        <Function test_cannot_auto_approve_low_improvement>
      <Class TestExperimentTrustScore>
        <Function test_calculate_trust_score_rule_based>
        <Function test_calculate_trust_score_with_ml_scorer>
        <Function test_calculate_trust_score_ml_fallback>
      <Class TestExperimentTypeRisk>
        <Function test_risk_factor_low_risk>
        <Function test_risk_factor_high_risk>
      <Class TestExperimentSerialization>
        <Function test_to_dict>
      <Class TestAutonomousSandboxLab>
        <Function test_lab_initialization>
        <Function test_propose_experiment>
        <Function test_propose_experiment_auto_sandbox>
        <Function test_enter_sandbox>
        <Function test_enter_sandbox_low_trust>
        <Function test_record_sandbox_implementation>
        <Function test_start_trial>
        <Function test_record_trial_result_success>
        <Function test_record_trial_result_failure>
        <Function test_trial_validates_on_completion>
        <Function test_approve_for_production>
        <Function test_promote_to_production>
        <Function test_get_experiment>
        <Function test_get_experiment_not_found>
        <Function test_list_experiments>
        <Function test_list_experiments_filter_by_status>
        <Function test_list_experiments_filter_by_type>
        <Function test_get_active_trials>
        <Function test_get_awaiting_approval>
        <Function test_get_statistics>
      <Class TestSandboxLabPersistence>
        <Function test_save_experiment>
      <Class TestSandboxLabSeeding>
        <Function test_seed_initial_experiments>
        <Function test_seed_does_not_duplicate>
      <Class TestContinuousLearningOrchestrator>
        <Function test_orchestrator_creation>
        <Function test_orchestrator_default_config>
        <Function test_orchestrator_stats>
        <Function test_orchestrator_get_status>
        <Function test_should_run_ingestion_first_time>
        <Function test_should_run_ingestion_after_interval>
        <Function test_should_not_run_ingestion_too_soon>
        <Function test_should_run_learning_first_time>
        <Function test_should_run_mirror_first_time>
        <Function test_should_check_experiments_first_time>
      <Class TestContinuousLearningOrchestratorLifecycle>
        <Function test_start_sets_running>
        <Function test_stop_clears_running>
        <Function test_start_idempotent>
      <Class TestContinuousLearningOrchestratorSingleton>
        <Function test_get_continuous_orchestrator_singleton>
      <Class TestSandboxLabIntegration>
        <Function test_full_experiment_lifecycle>
      <Class TestApprovalRequestGeneration>
        <Function test_generate_approval_request>
    <Module test_cache_comprehensive.py>
      <Class TestRedisCacheInit>
        <Function test_default_init>
        <Function test_custom_init>
      <Class TestKeyManagement>
        <Function test_make_key>
        <Function test_make_key_default_prefix>
        <Function test_make_key_empty>
      <Class TestSerialization>
        <Function test_serialize_dict>
        <Function test_serialize_list>
        <Function test_serialize_nested>
        <Function test_serialize_datetime>
        <Function test_deserialize_dict>
        <Function test_deserialize_none>
        <Function test_deserialize_list>
      <Class TestInMemoryFallback>
        <Coroutine test_ping>
        <Coroutine test_set_and_get>
        <Coroutine test_get_nonexistent>
        <Coroutine test_delete>
        <Coroutine test_delete_nonexistent>
        <Coroutine test_exists>
        <Coroutine test_ttl>
        <Coroutine test_ttl_nonexistent>
        <Coroutine test_expiry>
        <Coroutine test_sadd_and_smembers>
        <Coroutine test_smembers_nonexistent>
        <Coroutine test_expire>
        <Coroutine test_set_nx>
        <Coroutine test_set_with_ex>
        <Coroutine test_eval_lock_release>
        <Coroutine test_eval_lock_release_wrong_token>
        <Function test_scan_iter>
        <Function test_scan_iter_all>
      <Class TestRedisCacheOperations>
        <Coroutine test_connect_fallback>
        <Coroutine test_get_auto_connect>
        <Coroutine test_set_and_get>
        <Coroutine test_get_cache_miss>
        <Coroutine test_set_with_ttl>
        <Coroutine test_set_with_tags>
        <Coroutine test_delete>
        <Coroutine test_delete_nonexistent>
        <Coroutine test_invalidate_tag>
        <Coroutine test_exists>
        <Coroutine test_ttl>
        <Coroutine test_clear_pattern>
      <Class TestDistributedLocking>
        <Coroutine test_acquire_lock>
        <Coroutine test_acquire_lock_non_blocking>
        <Coroutine test_release_lock>
        <Coroutine test_release_lock_wrong_token>
        <Coroutine test_release_lock_no_client>
      <Class TestCacheDecorator>
        <Coroutine test_cached_basic>
        <Coroutine test_cached_hit>
        <Coroutine test_cached_none_not_cached>
        <Coroutine test_cached_none_cached_when_enabled>
        <Coroutine test_cached_with_tags>
      <Class TestGlobalCache>
        <Function test_get_cache_creates_instance>
        <Function test_get_cache_returns_same_instance>
        <Coroutine test_init_cache>
        <Coroutine test_close_cache>
        <Coroutine test_close_cache_no_instance>
      <Class TestErrorHandling>
        <Coroutine test_get_error_handling>
        <Coroutine test_set_error_handling>
        <Coroutine test_delete_error_handling>
        <Coroutine test_invalidate_tag_error_handling>
        <Coroutine test_clear_error_handling>
        <Coroutine test_exists_error_handling>
        <Coroutine test_ttl_error_handling>
      <Class TestConnection>
        <Coroutine test_connect_success>
        <Coroutine test_connect_redis_unavailable>
        <Coroutine test_disconnect>
    <Module test_chat_api.py>
      <Function test_chat_flow>
    <Module test_chunked_upload.py>
      <Class TestChunkedUploadModule>
        <Function test_import_module>
        <Function test_constants>
        <Function test_format_size>
      <Class TestSessionManagement>
        <Function test_create_and_get_session>
        <Function test_session_persistence_to_disk>
        <Function test_update_session>
      <Class TestChunkSizeCalculation>
        <Function test_exact_division>
        <Function test_remainder_chunk>
        <Function test_single_chunk>
        <Function test_5gb_file>
        <Function test_chunk_size_clamping>
      <Class TestEndToEndChunkedUpload>
        <Function test_full_lifecycle>
      <Class TestOrphanCleanup>
        <Function test_cleanup_completed_sessions>
      <Class TestSecurityMiddleware>
        <Function test_chunk_upload_path_gets_higher_limit>
      <Class TestIntegrationWithDocsLibrary>
        <Function test_register_document_callable>
        <Function test_guess_mime_for_large_files>
    <Module test_cognitive_engine.py>
      <Function test_ooda_loop_enforces_order>
      <Function test_ooda_loop_prevents_skipping>
      <Function test_ooda_loop_prevents_direct_execution>
      <Function test_ambiguity_ledger_tracks_levels>
      <Function test_ambiguity_ledger_blocks_on_unknowns>
      <Function test_ambiguity_promotion>
      <Function test_irreversible_requires_justification>
      <Function test_blocking_unknowns_prevent_irreversible>
      <Function test_recursion_depth_limit_enforced>
      <Function test_iteration_limit_enforced>
      <Function test_decision_freeze_point_enforced>
      <Function test_alternative_paths_required>
      <Function test_chess_mode_path_selection>
      <Function test_full_decision_cycle>
      <Function test_decision_logging>
      <Function test_strict_mode_enforcement>
      <Function test_complexity_must_justify_benefit>
      <Function test_optionality_scoring>
    <Module test_cognitive_layer1.py>
      <Function test_user_input>
      <Function test_file_upload>
      <Function test_learning_memory>
      <Function test_whitelist>
      <Function test_decision_logging>
      <Function test_invariant_validation>
      <Function test_layer1_stats>
    <Module test_concurrency_fix.py>
      <Function test_concurrent_writes>
    <Module test_connection_validation.py>
      <Class TestDataStructures>
        <Function test_action_validation_creation>
        <Function test_connection_report_creation>
        <Function test_connection_report_with_actions>
        <Function test_connection_report_to_dict>
        <Function test_system_report_to_dict>
        <Function test_all_status_enums>
        <Function test_all_category_enums>
        <Function test_all_validation_result_enums>
      <Class TestInfrastructureValidators>
        <Function test_validate_database_returns_report>
        <Function test_validate_database_checks_health>
        <Function test_validate_qdrant_returns_report>
        <Function test_validate_llm_provider_returns_report>
        <Function test_validate_embedding_model_returns_report>
      <Class TestExternalAPIValidators>
        <Function test_validate_serpapi_returns_report>
        <Function test_validate_kimi_returns_report>
        <Function test_validate_opus_returns_report>
      <Class TestLayer1Validators>
        <Function test_validate_layer1_connectors_returns_list>
        <Function test_layer1_reports_have_correct_category>
        <Function test_layer1_expected_connectors>
        <Function test_layer1_connector_actions_validated>
      <Class TestBackgroundServiceValidators>
        <Function test_validate_diagnostic_engine_returns_report>
        <Function test_validate_autonomous_loop_returns_report>
        <Function test_validate_continuous_learning_returns_report>
        <Function test_validate_file_watcher_returns_report>
        <Function test_validate_ml_intelligence_returns_report>
        <Function test_validate_genesis_tracking_returns_report>
      <Class TestWebSocketValidators>
        <Function test_validate_websocket_manager_returns_report>
      <Class TestFullSystemValidation>
        <Function test_validate_all_returns_system_report>
        <Function test_validate_all_has_all_categories>
        <Function test_validate_all_counts_are_consistent>
        <Function test_validate_all_action_counts>
        <Function test_validate_all_to_dict>
        <Function test_validate_all_minimum_connections>
        <Function test_validate_with_filters>
        <Function test_every_connection_has_at_least_one_action>
        <Function test_infrastructure_connections_are_validated>
      <Class TestActionCompleteness>
        <Function test_database_validates_all_actions>
        <Function test_qdrant_validates_all_actions>
        <Function test_llm_validates_all_actions>
        <Function test_layer1_connectors_validate_registrations>
        <Function test_websocket_validates_all_actions>
    <Module test_consensus_engine.py>
      <Class TestModelRegistry>
        <Function test_model_registry_has_all_models>
        <Function test_model_registry_structure>
        <Function test_get_available_models>
        <Function test_cost_tiers>
      <Class TestConsensusDataStructures>
        <Function test_model_response_creation>
        <Function test_model_response_with_error>
        <Function test_consensus_result_creation>
      <Class TestVerification>
        <Function test_verify_clean_output>
        <Function test_verify_short_output_flagged>
        <Function test_verify_empty_output>
      <Class TestBatchQueue>
        <Function test_queue_entry_structure>
        <Function test_queue_autonomous_query_callable>
        <Function test_get_batch_queue_callable>
        <Function test_run_batch_callable>
      <Class TestConsensusAPI>
        <Function test_import_router>
        <Function test_routes_exist>
      <Class TestIntegrationPoints>
        <Function test_importable_from_immune_system_context>
        <Function test_importable_from_pipeline_context>
        <Function test_importable_from_librarian_context>
        <Function test_flash_cache_in_pipeline_ooda>
        <Function test_flash_cache_in_knowledge_cycle>
    <Module test_core_comprehensive.py>
      <Class TestComponentState>
        <Function test_all_states_defined>
        <Function test_state_values>
        <Function test_state_iteration>
      <Class TestComponentRole>
        <Function test_all_roles_defined>
        <Function test_role_values>
      <Class TestComponentManifest>
        <Function test_basic_manifest>
        <Function test_default_values>
        <Function test_manifest_with_capabilities>
        <Function test_manifest_to_dict>
      <Class TestBaseComponent>
        <Function test_initialization>
        <Function test_component_id_generation>
        <Function test_initialization_with_capabilities>
        <Coroutine test_activate>
        <Coroutine test_activate_already_active>
        <Coroutine test_deactivate>
        <Coroutine test_pause_and_resume>
        <Coroutine test_pause_not_active>
        <Coroutine test_resume_not_paused>
        <Coroutine test_mark_degraded>
        <Function test_trust_adjustment>
        <Function test_trust_clamping>
        <Function test_set_trusted>
        <Function test_record_operation>
        <Function test_get_status>
        <Coroutine test_health_check>
        <Coroutine test_activation_error>
      <Class TestComponentRegistry>
        <Function test_registry_initialization>
        <Function test_register_component>
        <Function test_register_with_priority>
        <Function test_register_duplicate>
        <Function test_unregister_component>
        <Function test_get_component>
        <Function test_get_by_name>
        <Function test_get_by_role>
        <Function test_get_by_capability>
        <Function test_get_by_tag>
        <Coroutine test_start_all>
        <Coroutine test_stop_all>
        <Coroutine test_restart_component>
        <Coroutine test_health_check_all>
        <Function test_get_system_health>
        <Function test_get_stats>
        <Function test_get_manifests>
        <Function test_global_registry>
      <Class TestLoopEnums>
        <Function test_loop_types>
        <Function test_loop_statuses>
      <Class TestReasoningStep>
        <Function test_default_step>
        <Function test_step_with_values>
        <Function test_step_to_dict>
      <Class TestLoopMetadata>
        <Function test_default_metadata>
        <Function test_metadata_to_dict>
      <Class TestGraceLoopOutput>
        <Function test_default_output>
        <Function test_output_with_type>
        <Function test_add_reasoning_step>
        <Function test_get_reasoning_trace>
        <Function test_lifecycle_start>
        <Function test_lifecycle_complete>
        <Function test_lifecycle_fail>
        <Function test_lifecycle_interrupt>
        <Function test_average_step_confidence>
        <Function test_average_step_confidence_empty>
        <Function test_to_dict>
        <Function test_from_dict>
        <Function test_repr>
      <Class TestCoreIntegration>
        <Coroutine test_full_component_lifecycle>
        <Coroutine test_loop_output_in_component>
    <Module test_daily_curation.py>
      <Function test_daily_curation>
      <Function test_curation_status>
    <Module test_database.py>
      <Class TestDatabaseConfig>
        <Function test_sqlite_connection_string>
        <Function test_postgresql_connection_string>
        <Function test_mysql_connection_string>
      <Class TestDatabaseConnection>
        <Function test_initialize_connection>
        <Function test_singleton_pattern>
        <Function test_health_check>
      <Class TestDatabaseModels>
        <Function test_create_user>
        <Function test_user_timestamps>
        <Function test_conversation_relationship>
      <Class TestBaseRepository>
        <Function test_create_user>
        <Function test_get_user>
        <Function test_update_user>
        <Function test_delete_user>
        <Function test_get_all>
        <Function test_filter>
        <Function test_count>
        <Function test_exists>
        <Function test_bulk_create>
        <Function test_bulk_delete>
      <Class TestCustomRepositories>
        <Function test_get_by_username>
        <Function test_get_active_users>
        <Function test_get_all_conversations>
      <Class TestMigration>
        <Function test_table_exists>
        <Function test_get_all_tables>
      <Class TestChatModel>
        <Function test_create_chat>
        <Function test_multiple_chats>
      <Class TestChatHistoryModel>
        <Function test_create_chat_history>
      <Class TestChatRepository>
        <Function test_get_all_chats>
        <Function test_get_active_chats>
        <Function test_deactivate_chat>
        <Function test_search_by_title>
      <Class TestChatHistoryRepository>
        <Function test_add_message>
        <Function test_get_by_chat>
        <Function test_get_by_role>
        <Function test_edit_message>
        <Function test_count_tokens>
        <Function test_get_edited_messages>
    <Module test_determinism_validation.py>
      <Class TestDeterminismValidation>
        <Function test_deterministic_choice_same_seed_same_result>
        <Function test_deterministic_choice_different_seed_can_differ>
        <Function test_deterministic_run_id_same_task_same_minute_same_id>
        <Function test_should_use_llm_force_deterministic_false>
        <Function test_should_use_llm_phase0_no_handoff_false>
        <Function test_should_use_llm_phase0_handoff_true>
        <Function test_should_use_llm_none_phase0_true>
        <Function test_deterministic_temperature>
        <Function test_deterministic_model_choice_same_seed_same_model>
        <Function test_genesis_key_id_format_deterministic>
        <Function test_get_determinism_info>
    <Module test_diagnostic_machine.py>
      <Class TestSensorLayer>
        <Function test_sensor_layer_initialization>
        <Function test_sensor_data_structure>
        <Function test_collect_all_returns_sensor_data>
        <Function test_test_result_data_structure>
        <Function test_metrics_data_structure>
        <Function test_sensor_to_dict>
      <Class TestInterpreterLayer>
        <Function test_interpreter_layer_initialization>
        <Function test_pattern_types>
        <Function test_anomaly_types>
        <Function test_clarity_levels>
        <Function test_interpret_returns_interpreted_data>
        <Function test_pattern_detection_with_failures>
        <Function test_anomaly_detection_low_pass_rate>
        <Function test_invariant_checks>
        <Function test_clarity_classification>
      <Class TestJudgementLayer>
        <Function test_judgement_layer_initialization>
        <Function test_health_status_enum>
        <Function test_risk_level_enum>
        <Function test_judge_returns_judgement_result>
        <Function test_health_score_calculation>
        <Function test_risk_vector_identification>
        <Function test_drift_analysis>
        <Function test_avn_alerts_generation>
        <Function test_avm_status_update>
        <Function test_recommended_action_determination>
      <Class TestActionRouter>
        <Function test_action_router_initialization>
        <Function test_action_types>
        <Function test_route_returns_action_decision>
        <Function test_dry_run_mode>
        <Function test_healing_disabled>
        <Function test_action_decision_to_dict>
      <Class TestDiagnosticEngine>
        <Function test_engine_initialization>
        <Function test_run_cycle>
        <Function test_engine_start_stop>
        <Function test_engine_pause_resume>
        <Function test_trigger_from_sensor>
        <Function test_trigger_from_cicd>
        <Function test_get_health_summary>
        <Function test_get_recent_cycles>
        <Function test_engine_stats>
        <Function test_callback_registration>
        <Function test_engine_to_dict>
      <Class TestDiagnosticAPI>
        <Function test_health_endpoint>
        <Function test_status_endpoint>
        <Function test_trigger_endpoint>
        <Function test_history_endpoint>
        <Function test_cicd_webhook_endpoint>
        <Function test_sensor_flag_endpoint>
        <Function test_avn_alerts_endpoint>
        <Function test_avm_status_endpoint>
        <Function test_forensics_endpoint>
        <Function test_full_report_endpoint>
      <Class TestDiagnosticIntegration>
        <Function test_full_diagnostic_pipeline>
        <Function test_engine_full_cycle>
    <Module test_docs_library_api.py>
      <Class TestDocsLibraryHelpers>
        <Function test_safe_json_parse_valid>
        <Function test_safe_json_parse_invalid>
        <Function test_guess_mime>
        <Function test_file_extension>
        <Function test_doc_to_dict_minimal>
        <Function test_doc_to_dict_with_folder>
    <Module test_document_download.py>
      <Function test_url_validator>
      <Function test_database_schema>
      <Coroutine test_document_downloader>
    <Module test_drive_support.py>
      <Function test_drive_url_detection>
      <Function test_file_id_extraction>
      <Function test_download_url_generation>
      <Function test_url_validation>
    <Module test_execution_comprehensive.py>
      <Class TestGraceAction>
        <Function test_action_enum_values>
        <Function test_code_operations>
        <Function test_git_operations>
        <Function test_action_from_string>
      <Class TestActionStatus>
        <Function test_status_values>
        <Function test_terminal_statuses>
      <Class TestActionRequest>
        <Function test_create_basic_request>
        <Function test_create_request_with_parameters>
        <Function test_action_request_to_dict>
      <Class TestActionResult>
        <Function test_create_success_result>
        <Function test_create_failure_result>
        <Function test_result_with_file_changes>
        <Function test_result_to_dict>
      <Class TestExecutionConfig>
        <Function test_default_config>
        <Function test_custom_config>
      <Class TestExecutionBridge>
        <Function test_bridge_initialization>
        <Function test_bridge_with_genesis_tracker>
      <Class TestActionExecution>
        <Coroutine test_execute_action>
        <Coroutine test_execute_python_code>
        <Coroutine test_execute_bash_command>
      <Class TestFileOperations>
        <Coroutine test_write_file>
        <Coroutine test_read_file>
        <Coroutine test_delete_file>
      <Class TestGitOperations>
        <Coroutine test_git_status>
        <Coroutine test_git_commit>
        <Coroutine test_git_diff>
      <Class TestTestExecution>
        <Coroutine test_run_pytest>
        <Coroutine test_run_tests_with_failures>
      <Class TestSafetyAndSandboxing>
        <Function test_command_blocking>
        <Function test_output_truncation>
        <Function test_timeout_handling>
      <Class TestActionHistory>
        <Function test_record_action_history>
        <Function test_action_history_with_genesis_tracking>
      <Class TestHandlerRouting>
        <Function test_get_handler_for_action>
      <Class TestGovernedExecution>
        <Function test_confirmation_required>
        <Function test_confidence_threshold>
      <Class TestErrorHandling>
        <Coroutine test_handle_execution_error>
        <Function test_missing_parameters>
    <Module test_file_detector.py>
      <Function test_file_creation>
      <Function test_file_modification>
      <Function test_file_deletion>
      <Function test_existing_file_detection>
    <Module test_file_detector_simple.py>
      <Function test_crud_detection>
    <Module test_file_management.py>
      <Function test_file_upload_and_directory>
      <Function test_text_extraction>
      <Function test_file_deletion>
      <Function test_ingestion_service>
    <Module test_file_manager_comprehensive.py>
      <Class TestFileHandlerFileTypeDetection>
        <Function test_get_file_type_text>
        <Function test_get_file_type_code_files>
        <Function test_get_file_type_documents>
        <Function test_get_file_type_media>
        <Function test_get_file_type_unsupported>
        <Function test_get_file_type_case_insensitive>
      <Class TestTextFileExtraction>
        <Function test_extract_text_file_success>
        <Function test_extract_text_file_utf8>
        <Function test_extract_text_file_fallback_encoding>
        <Function test_extract_text_file_not_found>
      <Class TestMarkdownExtraction>
        <Function test_extract_markdown>
        <Function test_extract_markdown_with_code_blocks>
      <Class TestCodeFileExtraction>
        <Function test_extract_python_file>
        <Function test_extract_javascript_file>
      <Class TestPDFExtraction>
        <Function test_extract_pdf_success>
        <Function test_extract_pdf_with_layout>
        <Function test_extract_pdf_empty>
        <Function test_extract_pdf_fallback>
        <Function test_extract_pdf_corrupted>
      <Class TestDocxExtraction>
        <Function test_extract_docx_success>
        <Function test_extract_docx_with_tables>
        <Function test_extract_docx_empty>
      <Class TestExcelExtraction>
        <Function test_extract_excel_success>
        <Function test_extract_excel_multiple_sheets>
        <Function test_extract_excel_empty_sheet>
      <Class TestAudioExtraction>
        <Function test_extract_audio_success>
        <Function test_extract_audio_unsupported_format>
        <Function test_extract_audio_no_speech>
      <Class TestVideoExtraction>
        <Function test_extract_video_audio_track>
        <Function test_extract_video_no_audio>
      <Class TestTextCleaning>
        <Function test_clean_text_removes_control_chars>
        <Function test_clean_text_normalizes_whitespace>
        <Function test_clean_text_preserves_content>
      <Class TestTextValidation>
        <Function test_is_valid_text_success>
        <Function test_is_valid_text_mostly_garbage>
        <Function test_is_valid_text_empty>
      <Class TestExtractTextRouter>
        <Function test_route_to_text_handler>
        <Function test_route_to_pdf_handler>
        <Function test_route_unsupported_type>
      <Class TestFileHandlerIntegration>
        <Function test_full_extraction_workflow>
        <Function test_batch_extraction>
      <Class TestFileHandlerErrors>
        <Function test_file_permission_error>
        <Function test_file_encoding_error>
        <Function test_large_file_handling>
      <Class TestFileHandlerEdgeCases>
        <Function test_file_with_no_extension>
        <Function test_hidden_files>
        <Function test_symlink_files>
        <Function test_unicode_filename>
        <Function test_path_with_spaces>
      <Class TestSupportedTypes>
        <Function test_text_types_defined>
        <Function test_code_types_defined>
        <Function test_document_types_defined>
        <Function test_media_types_defined>
    <Module test_flash_cache.py>
      <Class TestFlashCacheCore>
        <Function test_register_and_get>
        <Function test_keyword_lookup>
        <Function test_multi_keyword_lookup>
        <Function test_search_full_text>
        <Function test_source_type_filter>
        <Function test_trust_filter>
        <Function test_update_trust>
        <Function test_remove_entry>
        <Function test_duplicate_uri_replaces>
        <Function test_stats>
      <Class TestKeywordExtraction>
        <Function test_basic_extraction>
        <Function test_stop_words_removed>
        <Function test_frequency_ranking>
        <Function test_max_keywords>
      <Class TestKeywordPrediction>
        <Function test_predicts_related_keywords>
        <Function test_empty_topic_returns_empty>
      <Class TestCleanup>
        <Function test_cleanup_unreachable>
        <Function test_no_cleanup_validated>
      <Class TestFlashCacheAPI>
        <Function test_import_router>
        <Function test_api_routes_exist>
      <Class TestIntegrationWithWhitelist>
        <Function test_get_flash_cache_callable>
        <Function test_extract_keywords_from_api_data>
      <Class TestLRUBehavior>
        <Function test_lru_eviction>
        <Function test_lru_access_moves_to_end>
    <Module test_genesis_cicd.py>
      <Class TestPipelineStatus>
        <Function test_all_statuses_exist>
        <Function test_status_values>
      <Class TestStageType>
        <Function test_all_stage_types_exist>
      <Class TestStageResult>
        <Function test_stage_result_creation>
        <Function test_stage_result_with_output>
      <Class TestPipelineStage>
        <Function test_pipeline_stage_creation>
        <Function test_pipeline_stage_with_dependencies>
      <Class TestPipeline>
        <Function test_pipeline_creation>
        <Function test_pipeline_with_stages>
      <Class TestPipelineRun>
        <Function test_pipeline_run_creation>
        <Function test_pipeline_run_with_commit>
      <Class TestGenesisKeyAction>
        <Function test_action_constants>
      <Class TestGenesisCICD>
        <Function test_cicd_initialization>
        <Function test_default_pipelines_registered>
        <Function test_grace_ci_pipeline_stages>
        <Function test_generate_genesis_key>
        <Function test_get_pipeline>
        <Function test_list_pipelines>
        <Function test_register_pipeline>
      <Class TestGenesisCICDAsync>
        <Coroutine test_trigger_pipeline>
        <Coroutine test_trigger_nonexistent_pipeline>
        <Coroutine test_get_run>
        <Coroutine test_list_runs>
        <Coroutine test_list_runs_filter_by_pipeline>
        <Coroutine test_cancel_run>
        <Coroutine test_cancel_nonexistent_run>
        <Coroutine test_genesis_keys_for_run>
        <Coroutine test_stop_cicd>
      <Class TestGenesisCICDStageExecution>
        <Coroutine test_execute_simple_stage>
        <Coroutine test_execute_failing_stage>
        <Coroutine test_stage_with_environment>
      <Class TestGenesisCICDPipelineExecution>
        <Coroutine test_execute_simple_pipeline>
      <Class TestGlobalFunctions>
        <Function test_get_cicd_singleton>
        <Coroutine test_init_cicd>
        <Coroutine test_shutdown_cicd>
      <Class TestCICDIntegration>
        <Coroutine test_full_pipeline_lifecycle>
        <Coroutine test_pipeline_with_dependency_failure>
        <Coroutine test_pipeline_continue_on_error>
      <Class TestCICDErrorHandling>
        <Coroutine test_stage_timeout>
        <Function test_invalid_pipeline_id>
        <Coroutine test_trigger_with_invalid_pipeline>
    <Module test_genesis_feature_v2.py>
      <Function test_genesis_feature>
    <Module test_genesis_pipeline.py>
      <Function test_genesis_key_creation>
      <Function test_autonomous_trigger>
    <Module test_grace_system.py>
      <Class TestLevel1Smoke>
        <Function test_app_imports>
        <Function test_brain_api_imports>
        <Function test_all_services_import>
        <Function test_consensus_engine_imports>
        <Function test_memory_imports>
        <Function test_awareness_imports>
        <Function test_resilience_imports>
        <Function test_intelligence_imports>
        <Function test_security_imports>
        <Function test_genesis_tracker_imports>
        <Function test_deep_learning_imports>
      <Class TestLevel2Components>
        <Function test_brain_returns_valid_response>
        <Function test_brain_handles_invalid_action>
        <Function test_brain_all_domains_respond>
        <Function test_files_service_stats>
        <Function test_govern_persona>
        <Function test_time_sense_context>
        <Function test_circuit_breaker_transitions>
        <Function test_error_boundary_contains>
        <Function test_rate_limiter>
        <Function test_sql_injection_detection>
        <Function test_adaptive_trust_update>
        <Function test_json_serialization>
        <Function test_deep_learning_model>
      <Class TestLevel3Integration>
        <Function test_brain_to_service_to_data>
        <Function test_cross_brain_orchestration>
        <Function test_consensus_updates_trust>
        <Function test_genesis_key_mining>
        <Function test_security_pipeline>
        <Function test_resilience_with_brain>
        <Function test_dl_model_train_and_predict>
      <Class TestLevel4EndToEnd>
        <Function test_full_brain_directory>
        <Function test_full_system_status>
        <Function test_full_intelligence_report>
        <Function test_full_verification_script>
    <Module test_grace_team_management.py>
      <Class TestSkillLevelEnum>
        <Function test_all_levels_exist>
        <Function test_level_ordering>
      <Class TestTeamRoleEnum>
        <Function test_all_roles_exist>
      <Class TestAssignmentStrategyEnum>
        <Function test_all_strategies_exist>
      <Class TestSkillDataclass>
        <Function test_skill_creation>
        <Function test_skill_with_all_fields>
      <Class TestTeamMemberDataclass>
        <Function test_member_creation>
        <Function test_member_with_skills>
        <Function test_member_availability>
      <Class TestGraceAgentDataclass>
        <Function test_agent_creation>
        <Function test_agent_with_tasks>
      <Class TestAssignmentResultDataclass>
        <Function test_result_creation>
      <Class TestGraceTeamManagement>
        <Function test_initialization>
        <Function test_default_agents_created>
      <Class TestTeamMemberManagement>
        <Function test_add_team_member>
        <Function test_add_member_with_skills>
        <Function test_update_team_member>
        <Function test_add_skill_to_member>
        <Function test_get_team_member>
        <Function test_get_team_by_genesis_id>
        <Function test_get_all_team_members>
        <Function test_get_members_by_role>
        <Function test_get_members_with_skill>
      <Class TestGraceAgentManagement>
        <Function test_add_grace_agent>
        <Function test_get_grace_agent>
        <Function test_get_agents_by_capability>
        <Function test_get_available_agents>
      <Class TestAutoAssignment>
        <Function test_auto_assign_skill_match>
        <Function test_auto_assign_workload_balance>
        <Function test_auto_assign_hybrid>
        <Function test_auto_assign_prefer_human>
        <Function test_auto_assign_prefer_agent>
        <Function test_auto_assign_no_candidates>
        <Function test_auto_assign_stores_in_history>
        <Function test_auto_assign_alternatives>
      <Class TestAssignmentCompletion>
        <Function test_complete_assignment_success>
        <Function test_complete_assignment_failure>
      <Class TestReporting>
        <Function test_get_team_overview>
        <Function test_get_workload_report>
        <Function test_suggest_skill_development>
      <Class TestSingleton>
        <Function test_get_team_management_singleton>
    <Module test_grace_training.py>
      <Function test_study_phase>
      <Function test_practice_phase>
      <Function test_skill_assessment>
      <Function test_learning_progress>
    <Module test_industry_standard.py>
      <Class TestSecurityEngineer>
        <Function test_factory_always_wraps>
        <Function test_kimi_client_wrapped>
        <Function test_raw_client_available_for_internal>
        <Function test_governance_prefix_is_string>
        <Function test_persona_has_both_fields>
      <Class TestDevOpsEngineer>
        <Function test_scan_detects_down_services>
        <Function test_scan_identifies_root_cause>
        <Function test_scan_adapts_interval>
        <Function test_healing_creates_playbook_entry>
        <Function test_baselines_established>
      <Class TestDataEngineer>
        <Function test_tracker_never_raises>
        <Function test_tracker_accepts_all_fields>
        <Function test_realtime_engine_fires_instantly>
        <Function test_realtime_alert_on_error_spike>
        <Function test_streaming_detects_acceleration>
      <Class TestMLEngineer>
        <Function test_trust_bounded_0_100>
        <Function test_deterministic_higher_than_unknown>
        <Function test_verification_levels_correct>
        <Function test_system_trust_aggregates>
        <Function test_intelligence_score_above_8>
      <Class TestQAEngineer>
        <Function test_all_pre_generation_stages_pass>
        <Function test_stages_execute_in_order>
        <Function test_prompt_classification_complete>
        <Function test_invariants_check_all_12>
        <Function test_ambiguity_detects_implicit_references>
      <Class TestProductManager>
        <Function test_12_frontend_tabs_exist>
        <Function test_v1_api_has_10_resources>
        <Function test_manifest_reports_correct_counts>
        <Function test_frontend_builds_clean>
        <Function test_kimi_has_8_capabilities>
      <Class TestArchitect>
        <Function test_magma_available>
        <Function test_magma_has_4_graphs>
        <Function test_pipeline_queries_magma>
        <Function test_immune_writes_to_magma>
        <Function test_healing_coordinator_exists>
      <Class TestComplianceOfficer>
        <Function test_agent_rules_api_exists>
        <Function test_governance_rules_api_exists>
        <Function test_governance_wrapper_reads_rules>
        <Function test_pipeline_injects_agent_rules>
        <Function test_mcp_orchestrator_injects_governance>
      <Class TestSRE>
        <Function test_self_healer_reconnects_database>
        <Function test_immune_system_heals_database>
        <Function test_genesis_tracker_never_crashes>
        <Function test_realtime_engine_handles_volume>
        <Function test_trust_engine_handles_rapid_scoring>
      <Class TestEndUser>
        <Function test_timesense_knows_current_day>
        <Function test_timesense_urgency_scoring>
        <Function test_docs_library_helpers_work>
        <Function test_file_suggestion_works>
        <Function test_feedback_loop_doesnt_crash>
    <Module test_ingestion_comprehensive.py>
      <Class TestTextChunkerInit>
        <Function test_default_initialization>
        <Function test_custom_initialization>
      <Class TestTextChunkerStructureSplit>
        <Function test_split_by_paragraphs>
        <Function test_split_large_paragraph_into_sentences>
        <Function test_empty_text>
        <Function test_whitespace_only>
      <Class TestTextChunkerCosineSimilarity>
        <Function test_identical_vectors>
        <Function test_orthogonal_vectors>
        <Function test_opposite_vectors>
        <Function test_zero_vector>
      <Class TestTextChunkerSimpleChunking>
        <Function test_simple_chunking_basic>
        <Function test_simple_chunking_short_text>
        <Function test_simple_chunking_overlap>
      <Class TestTextChunkerSemanticChunking>
        <Function test_semantic_chunking_returns_chunks>
        <Function test_semantic_chunking_fallback_on_empty>
      <Class TestTextChunkerChunkText>
        <Function test_chunk_text_uses_semantic_when_available>
        <Function test_chunk_text_uses_simple_when_no_model>
      <Class TestTextIngestionServiceInit>
        <Function test_default_initialization>
        <Function test_custom_initialization>
      <Class TestTextIngestionServiceIngest>
        <Function test_ingest_text_success>
        <Function test_ingest_text_with_metadata>
        <Function test_ingest_empty_text>
        <Function test_ingest_file_success>
        <Function test_ingest_file_not_found>
      <Class TestTextIngestionServiceHashGeneration>
        <Function test_generate_content_hash>
        <Function test_different_content_different_hash>
      <Class TestTextIngestionServiceDeduplication>
        <Function test_detect_duplicate_content>
      <Class TestIngestionIntegration>
        <Function test_full_ingestion_pipeline>
        <Function test_batch_ingestion>
      <Class TestIngestionErrorHandling>
        <Function test_embedding_failure_fallback>
        <Function test_database_error_handling>
        <Function test_vector_db_error_handling>
      <Class TestIngestionEdgeCases>
        <Function test_very_short_text>
        <Function test_very_long_text>
        <Function test_unicode_text>
        <Function test_special_characters>
        <Function test_mixed_newlines>
    <Module test_integration_chain.py>
      <Class TestPipelineTimeSense>
        <Function test_produces_valid_context>
      <Class TestPipelineOODA>
        <Function test_classifies_code_generation>
        <Function test_classifies_bug_fix>
        <Function test_classifies_question>
        <Function test_classifies_refactor>
        <Function test_classifies_testing>
        <Function test_classifies_destructive>
        <Function test_detects_approach>
        <Function test_question_is_analytical>
      <Class TestPipelineAmbiguity>
        <Function test_tracks_knowns_with_full_context>
        <Function test_tracks_unknowns_without_project>
        <Function test_detects_implicit_references>
        <Function test_no_blocking_for_analytical>
      <Class TestPipelineInvariants>
        <Function test_passes_valid_prompt>
        <Function test_warns_on_short_prompt>
        <Function test_warns_on_destructive>
        <Function test_warns_on_large_blast_radius>
        <Function test_checks_all_12>
      <Class TestPipelineContradiction>
        <Function test_detects_language_mismatch_python>
        <Function test_no_contradiction_when_matching>
      <Class TestPipelineHallucination>
        <Function test_calculates_confidence>
        <Function test_perfect_grounding>
      <Class TestPipelineTrust>
        <Function test_high_trust_for_clean_run>
        <Function test_lower_trust_for_issues>
      <Class TestPipelineFullChain>
        <Function test_full_pre_generation_chain>
      <Class TestFeedbackLoop>
        <Function test_record_does_not_raise>
        <Function test_get_patterns_returns_list>
      <Class TestPromptClassification>
        <Function test_all_types>
      <Class TestGovernanceWrapper>
        <Function test_wraps_every_client>
        <Function test_persona_loads>
      <Class TestManifest>
        <Function test_summary_counts>
    <Module test_integration_e2e_comprehensive.py>
      <Class TestRAGPipelineIntegration>
        <Function test_complete_rag_workflow>
        <Function test_rag_with_empty_retrieval>
        <Function test_rag_with_reranking>
        <Function test_rag_caching>
      <Class TestCognitiveFlowE2E>
        <Function test_full_ooda_loop>
        <Function test_cognitive_decision_with_constraints>
        <Function test_learning_integration>
      <Class TestAPIIntegration>
        <Function test_query_endpoint_integration>
        <Function test_api_rate_limiting>
        <Function test_api_error_handling>
        <Function test_api_response_formatting>
      <Class TestSecurityE2E>
        <Function test_authentication_flow>
        <Function test_authorization_checks>
        <Function test_input_sanitization>
        <Function test_rate_limiting_per_user>
      <Class TestPerformanceE2E>
        <Function test_query_latency>
        <Function test_throughput_measurement>
        <Function test_memory_usage_tracking>
        <Function test_concurrent_request_handling>
      <Class TestErrorRecovery>
        <Function test_retry_mechanism>
        <Function test_circuit_breaker>
        <Function test_fallback_mechanism>
      <Class TestSystemHealth>
        <Function test_health_check_all_components>
        <Function test_readiness_probe>
        <Function test_liveness_probe>
      <Class TestDataConsistency>
        <Function test_cache_database_consistency>
        <Function test_eventual_consistency>
      <Class TestUserFlowE2E>
        <Function test_complete_user_session>
        <Function test_multi_turn_conversation>
      <Class TestSystemIntegration>
        <Function test_full_stack_integration>
        <Function test_component_interaction>
    <Module test_layer1_simple.py>
      <Function test_imports>
    <Module test_layer4_action_router.py>
      <Class TestBasicActionRouter>
        <Function test_router_initialization>
        <Function test_create_decision_healthy>
        <Function test_create_decision_critical>
        <Function test_execute_freeze>
        <Function test_execute_freeze_disabled>
        <Function test_execute_alert>
        <Function test_execute_healing_basic>
        <Function test_execute_healing_disabled>
        <Function test_execute_cicd>
        <Function test_execute_learning_capture>
        <Function test_execute_log_observation>
        <Function test_execute_noop>
        <Function test_route_complete_flow>
      <Class TestOODALoopIntegration>
        <Function test_ooda_loop_integration>
        <Function test_ooda_loop_handles_failure>
      <Class TestSandboxLabIntegration>
        <Function test_sandbox_lab_initialization>
        <Function test_sandbox_testing_for_risky_actions>
        <Function test_sandbox_failure_skips_action>
      <Class TestMultiLLMIntegration>
        <Function test_llm_orchestrator_initialization>
        <Function test_llm_used_for_complex_decisions>
      <Class TestMemoryMeshIntegration>
        <Function test_memory_mesh_initialization>
        <Function test_memory_mesh_stores_outcomes>
      <Class TestRAGIntegration>
        <Function test_rag_retrieval>
        <Function test_rag_handles_failure>
      <Class TestGenesisKeysIntegration>
        <Function test_genesis_key_creation>
        <Function test_genesis_key_update>
      <Class TestLearningEfficiencyIntegration>
        <Function test_efficiency_tracking>
        <Function test_efficiency_tracks_time>
      <Class TestAutonomousHealingIntegration>
        <Function test_autonomous_healing_used>
      <Class TestMirrorSelfModelingIntegration>
        <Function test_mirror_initialization>
        <Function test_mirror_observes_actions>
        <Function test_mirror_detects_patterns>
      <Class TestCompleteIntegrationFlow>
        <Function test_complete_enhanced_flow>
        <Function test_graceful_degradation>
      <Class TestEdgeCases>
        <Function test_empty_target_components>
        <Function test_multiple_healing_actions>
        <Function test_dry_run_mode>
        <Function test_decision_logging>
      <Class TestHelperMethods>
        <Function test_create_action_genesis_key>
        <Function test_update_genesis_key_status>
      <Class TestConfiguration>
        <Function test_alert_config>
        <Function test_cicd_config>
        <Function test_enable_disable_flags>
      <Class TestWorldModelIntegration>
        <Function test_world_model_initialization>
        <Function test_world_model_context_retrieval>
      <Class TestNeuroSymbolicIntegration>
        <Function test_neuro_symbolic_initialization>
        <Function test_neuro_symbolic_reasoning>
      <Class TestActionTypeMapping>
        <Function test_action_mapping_freeze>
        <Function test_action_mapping_alert>
        <Function test_action_mapping_heal>
      <Class TestCICDTriggerLogic>
        <Function test_cicd_triggered_on_test_failures>
        <Function test_cicd_triggered_on_healing>
        <Function test_cicd_not_triggered_when_disabled>
      <Class TestHealingFunctionRegistry>
        <Function test_register_healing_function>
        <Function test_default_healing_functions_registered>
        <Function test_healing_function_execution>
      <Class TestDecisionLogging>
        <Function test_decision_logged_to_file>
        <Function test_decision_log_includes_results>
      <Class TestNotificationSystem>
        <Function test_webhook_notification_success>
        <Function test_webhook_notification_failure>
        <Function test_email_notification_success>
        <Function test_email_notification_failure>
        <Function test_slack_notification_success>
        <Function test_slack_notification_missing_webhook>
        <Function test_alert_sends_all_notifications>
        <Function test_alert_continues_if_one_notification_fails>
    <Module test_learning_system.py>
      <Function test_imports>
      <Function test_database>
      <Function test_orchestrator_initialization>
      <Function test_trigger_pipeline>
      <Function test_healing_system>
      <Function test_mirror_system>
    <Module test_librarian_api.py>
      <Function test_tag_operations>
      <Function test_librarian_engine_integration>
      <Function test_rule_operations>
    <Module test_librarian_integration.py>
      <Function test_database_tables>
      <Function test_default_rules>
      <Function test_tag_management>
      <Function test_rule_categorization>
      <Function test_librarian_engine>
    <Module test_llm_orchestrator_comprehensive.py>
      <Class TestLLMTaskRequest>
        <Function test_basic_task_request>
        <Function test_task_request_with_all_options>
      <Class TestLLMTaskResult>
        <Function test_successful_task_result>
        <Function test_failed_task_result>
      <Class TestRateLimiter>
        <Function test_rate_limiter_initialization>
        <Function test_rate_limiter_acquire>
        <Function test_rate_limiter_burst>
      <Class TestMultiLLMClient>
        <Function test_multi_llm_client_initialization>
        <Function test_model_selection_by_task_type>
        <Function test_generate_response>
        <Function test_failover_mechanism>
        <Function test_model_stats_tracking>
      <Class TestLLMOrchestrator>
        <Function test_orchestrator_initialization>
        <Function test_orchestrator_with_dependencies>
      <Class TestCognitiveEnforcement>
        <Function test_ooda_loop_begin>
        <Function test_ooda_observe>
        <Function test_ooda_orient>
        <Function test_ooda_decide>
        <Function test_ooda_act>
      <Class TestHallucinationGuard>
        <Function test_hallucination_guard_initialization>
        <Function test_repository_grounding>
        <Function test_cross_model_consensus>
        <Function test_contradiction_detection>
        <Function test_full_verification_pipeline>
      <Class TestGenesisKeyAssignment>
        <Function test_genesis_key_format>
        <Function test_genesis_key_metadata>
      <Class TestLearningMemoryIntegration>
        <Function test_learning_data_creation>
        <Function test_learning_integration>
      <Class TestQueryMethods>
        <Function test_get_task_result>
        <Function test_get_recent_tasks>
        <Function test_get_stats_empty>
        <Function test_get_stats_with_tasks>
      <Class TestExternalVerification>
        <Function test_external_verifier_initialization>
        <Function test_verify_technical_claim>
      <Class TestTaskExecutionPipeline>
        <Function test_task_lifecycle>
        <Function test_task_failure_handling>
        <Function test_audit_trail_creation>
      <Class TestErrorHandling>
        <Function test_llm_generation_failure>
        <Function test_verification_failure>
        <Function test_cognitive_layer_unavailable>
        <Function test_learning_memory_unavailable>
      <Class TestGlobalInstance>
        <Function test_get_llm_orchestrator_singleton>
      <Class TestIntegration>
        <Function test_full_pipeline_mock>
        <Function test_concurrent_task_tracking>
      <Class TestPerformance>
        <Function test_response_caching>
        <Function test_duration_tracking>
    <Module test_load.py>
      <Class TestLoadBasic>
        <Function test_health_endpoint_load>
        <Function test_search_endpoint_load>
      <Class TestConcurrentLoad>
        <Function test_concurrent_health_requests>
        <Function test_concurrent_mixed_endpoints>
      <Class TestStress>
        <Function test_burst_traffic>
        <Function test_sustained_load>
      <Class TestMemoryLeak>
        <Function test_repeated_requests_memory>
    <Module test_mcp_chat.py>
      <Function test_mcp_chat>
    <Module test_memory_mesh.py>
      <Function test_memory_mesh>
    <Module test_merge_analysis_aaron_new.py>
      <Class TestFileGeneratorUnit>
        <Function test_file_type_detection_pdf>
        <Function test_file_type_detection_python>
        <Function test_file_type_detection_unknown_defaults_to_txt>
        <Function test_pdf_placeholder_format>
        <Function test_pdf_placeholder_suffix_note>
        <Function test_generate_returns_failure_when_llm_fails>
        <Function test_generate_success_structure>
        <Function test_get_file_generator_singleton>
      <Class TestAutoResearchUnit>
        <Function test_analyse_folder_returns_expected_keys>
        <Function test_research_cycle_versioning>
        <Function test_research_cycle_increments_version>
        <Function test_history_is_limited>
        <Function test_get_auto_research_singleton>
      <Class TestGraceTodosImports>
        <Function test_todos_models_import_cleanly>
        <Function test_task_status_enum_all_values>
        <Function test_task_priority_enum>
        <Function test_grace_task_creation>
        <Function test_task_board_empty_creation>
      <Class TestPerTaskModelSelection>
        <Function test_env_var_code_model>
        <Function test_env_var_reason_model>
        <Function test_env_var_fast_model>
        <Function test_llm_factory_get_llm_for_task_exists>
      <Class TestRouterIntegration>
        <Function test_file_generator_endpoint_exists>
        <Function test_research_analyse_endpoint_exists>
        <Function test_research_run_endpoint_exists>
        <Function test_research_history_endpoint_exists>
        <Function test_librarian_status_not_broken>
        <Function test_hunter_assimilate_endpoint_still_works>
        <Function test_registry_all_endpoint_still_works>
        <Function test_todos_board_endpoint_accessible>
      <Class TestCodeAnalysis>
        <Function test_new_files_exist>
        <Function test_new_files_are_valid_python>
        <Function test_router_is_valid_python>
        <Function test_router_no_duplicate_paths>
        <Function test_external_imports_guarded_file_generator>
        <Function test_pdf_placeholder_is_transparent>
        <Function test_all_new_classes_have_docstrings>
        <Function test_genesis_tracker_import_pattern>
        <Function test_no_hardcoded_absolute_paths>
        <Function test_router_imports_are_lazy>
    <Module test_mirror_self_modeling.py>
      <Class TestPatternType>
        <Function test_pattern_type_constants>
      <Class TestMirrorSelfModelingSystem>
        <Function test_mirror_system_initialization>
        <Function test_mirror_system_observe_recent_operations>
        <Function test_mirror_system_detect_behavioral_patterns>
        <Function test_mirror_system_build_self_model>
      <Class TestLearningProgressAnalysis>
        <Function test_analyze_learning_progress_empty>
        <Function test_analyze_learning_progress_with_examples>
      <Class TestImprovementSuggestions>
        <Function test_generate_improvement_suggestions_from_failures>
        <Function test_generate_improvement_suggestions_from_plateaus>
        <Function test_suggestions_sorted_by_priority>
      <Class TestSelfAwarenessScore>
        <Function test_self_awareness_score_calculation>
        <Function test_self_awareness_score_increases_with_patterns>
      <Class TestAnalyzeRecentOperations>
        <Function test_analyze_recent_operations_returns_opportunities>
        <Function test_analyze_recent_operations_generates_seed_opportunities>
      <Class TestTriggerImprovementActions>
        <Function test_trigger_improvement_actions_with_orchestrator>
        <Function test_trigger_improvement_actions_without_orchestrator>
      <Class TestMirrorStatus>
        <Function test_get_mirror_status>
      <Class TestGlobalMirrorSystem>
        <Function test_get_mirror_system_creates_instance>
      <Class TestCountPatternsByType>
        <Function test_count_patterns_by_type>
    <Module test_ml_intelligence_components.py>
      <Class TestMLIntelligenceImports>
        <Function test_ml_intelligence_module_imports>
        <Function test_ml_intelligence_available_flag_exists>
        <Function test_kpi_tracker_import>
        <Function test_all_exports_defined>
      <Class TestKPIClass>
        <Function test_kpi_creation>
        <Function test_kpi_increment>
        <Function test_kpi_timestamp_updates>
      <Class TestComponentKPIs>
        <Function test_component_kpis_creation>
        <Function test_component_kpis_get_or_create>
        <Function test_component_kpis_increment>
        <Function test_component_kpis_trust_score>
        <Function test_component_kpis_to_dict>
        <Function test_component_kpis_recent_kpi>
      <Class TestKPITracker>
        <Function test_kpi_tracker_creation>
        <Function test_kpi_tracker_register_component>
        <Function test_kpi_tracker_increment_auto_register>
        <Function test_kpi_tracker_component_trust_score>
        <Function test_kpi_tracker_system_trust_score>
        <Function test_kpi_tracker_health_signal>
        <Function test_kpi_tracker_system_health>
        <Function test_kpi_tracker_to_dict>
      <Class TestKPITrackerSingleton>
        <Function test_get_kpi_tracker_singleton>
        <Function test_reset_kpi_tracker>
      <Class TestNeuralTrustScorer>
        <Function test_neural_trust_scorer_import>
        <Function test_trust_features_dataclass>
        <Function test_neural_trust_scorer_extract_features>
        <Function test_neural_trust_scorer_predict_trust>
        <Function test_neural_trust_scorer_get_stats>
      <Class TestExperienceReplay>
        <Function test_experience_replay_creation>
        <Function test_experience_replay_add_and_sample>
      <Class TestMLIntelligenceFallbacks>
        <Function test_fallbacks_defined_when_unavailable>
        <Function test_ml_intelligence_available_reflects_imports>
      <Class TestKPITrackerIntegration>
        <Function test_multi_component_tracking>
        <Function test_weighted_trust_calculation>
    <Module test_models_comprehensive.py>
      <Class TestDatabaseModelDefinitions>
        <Function test_user_model_has_expected_attributes>
        <Function test_conversation_model_has_expected_attributes>
        <Function test_message_model_has_expected_attributes>
        <Function test_embedding_model_has_expected_attributes>
        <Function test_chat_model_has_expected_attributes>
        <Function test_chat_history_model_has_expected_attributes>
        <Function test_document_model_has_expected_attributes>
        <Function test_document_chunk_model_has_expected_attributes>
      <Class TestGovernanceModels>
        <Function test_governance_rule_model>
        <Function test_governance_document_model>
        <Function test_governance_decision_model>
      <Class TestBaseRepositoryPattern>
        <Function test_repository_create_operation>
        <Function test_repository_get_operation>
        <Function test_repository_update_operation>
        <Function test_repository_delete_operation>
        <Function test_repository_filter_operation>
      <Class TestUserRepository>
        <Function test_user_repository_get_by_username>
        <Function test_user_repository_get_by_email>
        <Function test_user_repository_get_active_users>
      <Class TestConversationRepository>
        <Function test_get_all_conversations_with_pagination>
        <Function test_search_by_title>
      <Class TestMessageRepository>
        <Function test_get_messages_by_conversation>
        <Function test_count_messages_by_conversation>
      <Class TestChatRepository>
        <Function test_get_all_chats>
        <Function test_get_active_chats>
        <Function test_count_active_chats>
        <Function test_get_recent_chats>
        <Function test_search_chats_by_title>
        <Function test_deactivate_chat>
        <Function test_activate_chat>
      <Class TestChatHistoryRepository>
        <Function test_get_by_chat>
        <Function test_get_by_chat_reverse>
        <Function test_count_by_chat>
        <Function test_get_by_role>
        <Function test_count_tokens_in_chat>
        <Function test_get_edited_messages>
        <Function test_add_message>
        <Function test_edit_message>
[...]
        <Function test_mirror_subagent_processes_reflection>
      <Class TestThreadLearningOrchestrator>
        <Function test_orchestrator_initialization>
        <Function test_orchestrator_submit_study_task>
        <Function test_orchestrator_submit_practice_task>
        <Function test_orchestrator_get_status>
      <Class TestOrchestratorIntegration>
        <Function test_orchestrator_start_stop>
        <Function test_task_types_enum_completeness>
        <Function test_message_types_enum_completeness>
      <Class TestErrorHandling>
        <Function test_study_subagent_handles_exception>
        <Function test_task_with_missing_topic_raises_error>
    <Module test_utils_comprehensive.py>
      <Class TestErrorSuppression>
        <Function test_should_suppress_genesis_error_no_settings>
        <Function test_should_suppress_genesis_error_with_settings>
        <Function test_should_suppress_qdrant_error_with_settings>
        <Function test_should_suppress_ingestion_error_with_settings>
        <Function test_should_suppress_embedding_error_with_settings>
      <Class TestStructuredLogFormatter>
        <Function test_formatter_initialization>
        <Function test_formatter_default_values>
        <Function test_format_basic_log>
        <Function test_format_with_exception>
        <Function test_format_with_context_vars>
        <Function test_format_with_extra_fields>
        <Function test_format_non_serializable_extra>
      <Class TestStructuredLogger>
        <Function test_info_with_context>
        <Function test_error_with_context>
        <Function test_warning_with_context>
        <Function test_debug_with_context>
      <Class TestSetupStructuredLogging>
        <Function test_setup_json_output>
        <Function test_setup_standard_output>
      <Class TestContextManagement>
        <Function test_set_request_context>
        <Function test_clear_request_context>
        <Function test_generate_request_id>
        <Function test_partial_context_set>
      <Class TestLogDecorators>
        <Function test_log_function_call_success>
        <Function test_log_function_call_with_exception>
        <Function test_log_function_call_with_kwargs>
        <Coroutine test_log_async_function_call_success>
        <Coroutine test_log_async_function_call_with_exception>
        <Function test_log_function_call_custom_logger>
      <Class TestLoggingMiddleware>
        <Coroutine test_middleware_non_http>
        <Coroutine test_middleware_http_request>
        <Coroutine test_middleware_sets_request_id>
      <Class TestRagPrompt>
        <Function test_build_rag_prompt_with_context>
        <Function test_build_rag_prompt_no_context>
        <Function test_build_rag_prompt_empty_context>
        <Function test_build_rag_prompt_formatting>
        <Function test_build_rag_system_prompt>
        <Function test_build_rag_system_prompt_rules>
        <Function test_rag_prompt_preserves_query>
      <Class TestGetLogger>
        <Function test_get_logger_returns_logger>
        <Function test_get_logger_same_name>
        <Function test_get_logger_different_names>
      <Class TestUtilsIntegration>
        <Function test_structured_logging_end_to_end>
        <Function test_decorator_with_structured_logging>
        <Coroutine test_async_decorator_integration>
      <Class TestEdgeCases>
        <Function test_formatter_with_none_exc_info>
        <Function test_formatter_with_empty_message>
        <Function test_rag_prompt_with_special_characters>
        <Function test_context_isolation>
    <Module test_vector_db_comprehensive.py>
      <Class TestQdrantVectorDBInit>
        <Function test_default_init>
        <Function test_custom_init>
      <Class TestConnectionManagement>
        <Function test_connect_success>
        <Function test_connect_failure>
        <Function test_is_connected>
      <Class TestCollectionOperations>
        <Function test_create_collection_not_connected>
        <Function test_create_collection_success>
        <Function test_create_collection_already_exists>
        <Function test_create_collection_error>
        <Function test_collection_exists_not_connected>
        <Function test_collection_exists_true>
        <Function test_collection_exists_false>
        <Function test_delete_collection_not_connected>
        <Function test_delete_collection_success>
        <Function test_delete_collection_error>
        <Function test_list_collections_not_connected>
        <Function test_list_collections_success>
        <Function test_list_collections_error>
      <Class TestVectorOperations>
        <Function test_upsert_vectors_not_connected>
        <Function test_upsert_vectors_success>
        <Function test_upsert_vectors_error>
        <Function test_search_vectors_not_connected>
        <Function test_search_vectors_success>
        <Function test_search_vectors_with_threshold>
        <Function test_search_vectors_error>
        <Function test_delete_vectors_not_connected>
        <Function test_delete_vectors_success>
        <Function test_delete_vectors_error>
      <Class TestCollectionInfo>
        <Function test_get_collection_info_not_connected>
        <Function test_get_collection_info_success>
        <Function test_get_collection_info_error>
      <Class TestDistanceMetrics>
        <Function test_cosine_distance>
        <Function test_euclidean_distance>
        <Function test_dot_distance>
      <Class TestSingletonPattern>
        <Function test_get_qdrant_client_creates_instance>
        <Function test_get_qdrant_client_returns_same_instance>
        <Function test_get_qdrant_client_force_new>
      <Class TestVectorDBIntegration>
        <Function test_full_workflow>
      <Class TestEdgeCases>
        <Function test_empty_vectors_list>
        <Function test_search_empty_results>
        <Function test_invalid_distance_metric>
        <Function test_large_batch_upsert>
        <Function test_vector_dimension_validation>
    <Module test_version_control_comprehensive.py>
      <Class TestGitServiceInit>
        <Function test_init_existing_repo>
        <Function test_init_new_repo>
        <Function test_init_failure>
      <Class TestCommitHistory>
        <Function test_get_commits>
        <Function test_get_commits_with_skip>
        <Function test_get_commits_empty_repo>
      <Class TestCommitDetails>
        <Function test_get_commit_details>
        <Function test_get_commit_details_not_found>
        <Function test_format_commit>
      <Class TestCommitDiff>
        <Function test_get_commit_diff>
        <Function test_get_diff_with_added_file>
        <Function test_get_diff_with_deleted_file>
        <Function test_get_diff_initial_commit>
      <Class TestTreeOperations>
        <Function test_get_tree_files>
        <Function test_get_tree_files_with_content>
      <Class TestBranchOperations>
        <Function test_get_branches>
        <Function test_get_current_branch>
        <Function test_checkout_branch>
      <Class TestFileHistory>
        <Function test_get_file_history>
        <Function test_get_file_at_commit>
      <Class TestRepositoryState>
        <Function test_is_dirty>
        <Function test_get_status>
        <Function test_get_head_sha>
      <Class TestRemoteOperations>
        <Function test_get_remotes>
        <Function test_has_remote>
      <Class TestTagOperations>
        <Function test_get_tags>
        <Function test_get_tag_commit>
      <Class TestStatistics>
        <Function test_get_commit_count>
        <Function test_get_contributor_stats>
        <Function test_get_file_stats>
      <Class TestComparison>
        <Function test_compare_commits>
        <Function test_compare_branches>
      <Class TestErrorHandling>
        <Function test_invalid_commit_sha>
        <Function test_repository_not_initialized>
        <Function test_file_not_in_repo>
      <Class TestUtilityMethods>
        <Function test_sha_short>
        <Function test_is_valid_sha>
        <Function test_resolve_ref>
      <Class TestIntegration>
        <Function test_full_commit_workflow>
        <Function test_branch_comparison_workflow>
      <Class TestEdgeCases>
        <Function test_empty_repository>
        <Function test_binary_file_handling>
        <Function test_unicode_in_commit_message>
        <Function test_very_long_file_path>
    <Module test_voice_api.py>
      <Class TestTTSEngine>
        <Function test_all_engines_exist>
        <Function test_engine_values>
      <Class TestSTTEngine>
        <Function test_all_engines_exist>
      <Class TestVoiceSettings>
        <Function test_default_settings>
        <Function test_custom_settings>
      <Class TestTTSRequest>
        <Function test_tts_request_minimal>
        <Function test_tts_request_full>
      <Class TestSTTResponse>
        <Function test_stt_response>
      <Class TestNLPProcessedText>
        <Function test_nlp_processed_text>
      <Class TestVoiceManager>
        <Function test_voice_manager_initialization>
        <Function test_available_voices_structure>
      <Class TestVoiceManagerNLP>
        <Function test_preprocess_text_nlp_basic>
        <Function test_preprocess_removes_filler_words>
        <Function test_detect_intent_question>
        <Function test_detect_intent_command>
        <Function test_detect_intent_request>
        <Function test_detect_intent_greeting>
        <Function test_detect_intent_farewell>
        <Function test_detect_intent_statement>
        <Function test_extract_entities_file_path>
        <Function test_extract_entities_url>
        <Function test_extract_entities_numbers>
        <Function test_detect_sentiment_positive>
        <Function test_detect_sentiment_negative>
        <Function test_detect_sentiment_neutral>
      <Class TestVoiceManagerTTS>
        <Coroutine test_check_tts_availability>
      <Class TestVoiceSession>
        <Coroutine test_session_start>
        <Coroutine test_session_stop>
        <Function test_session_conversation_history>
      <Class TestVoiceAPIEndpoints>
        <Coroutine test_get_available_voices>
        <Coroutine test_get_available_voices_gb>
        <Coroutine test_get_available_voices_unknown_locale>
        <Coroutine test_get_voice_settings>
        <Coroutine test_update_voice_settings>
        <Coroutine test_process_text_nlp_endpoint>
      <Class TestVoiceAPIIntegration>
        <Function test_full_nlp_pipeline>
        <Coroutine test_voice_status_check>
      <Class TestVoiceAPIErrorHandling>
        <Function test_nlp_empty_text>
        <Function test_nlp_whitespace_only>
        <Function test_nlp_special_characters>
        <Function test_nlp_very_long_text>
        <Function test_nlp_unicode_text>
      <Class TestVoiceQuality>
        <Function test_available_voice_count>
        <Function test_voice_genders_balanced>
        <Function test_default_voice_exists>
    <Module test_web_scraping_service.py>
      <Class TestURLValidator>
        <Function test_validate_valid_http_url>
        <Function test_validate_valid_https_url>
        <Function test_validate_empty_url>
        <Function test_validate_none_url>
        <Function test_validate_no_scheme>
        <Function test_validate_file_scheme_blocked>
        <Function test_validate_javascript_scheme_blocked>
        <Function test_validate_localhost_blocked>
        <Function test_validate_internal_ip_blocked>
        <Function test_validate_no_domain>
        <Function test_validate_cloud_storage_blocked>
      <Class TestURLValidatorNormalization>
        <Function test_normalize_removes_fragment>
        <Function test_normalize_preserves_query>
        <Function test_normalize_basic_url>
      <Class TestURLValidatorDomainCheck>
        <Function test_is_same_domain_true>
        <Function test_is_same_domain_www_prefix>
        <Function test_is_same_domain_subdomain>
        <Function test_is_same_domain_false>
      <Class TestURLValidatorDocumentDetection>
        <Function test_is_downloadable_document_pdf>
        <Function test_is_downloadable_document_docx>
        <Function test_is_downloadable_document_pptx>
        <Function test_is_downloadable_document_xlsx>
        <Function test_is_downloadable_document_with_query>
        <Function test_is_downloadable_document_download_pattern>
        <Function test_is_downloadable_document_html>
        <Function test_is_not_downloadable_document>
      <Class TestURLValidatorGoogleDrive>
        <Function test_is_google_drive_url_file>
        <Function test_is_google_drive_url_doc>
        <Function test_is_google_drive_url_sheet>
        <Function test_is_not_google_drive_url>
        <Function test_extract_drive_file_id>
        <Function test_extract_drive_file_id_doc>
        <Function test_get_drive_download_url_file>
        <Function test_get_drive_download_url_doc>
        <Function test_get_drive_download_url_sheet>
      <Class TestURLValidatorBinaryFiles>
        <Function test_is_binary_file_image>
        <Function test_is_binary_file_video>
        <Function test_is_binary_file_archive>
        <Function test_is_binary_file_html>
        <Function test_is_binary_file_no_extension>
      <Class TestScrapingJobModel>
        <Function test_job_to_dict>
        <Function test_job_progress_percentage>
        <Function test_job_progress_zero_total>
      <Class TestScrapedPageModel>
        <Function test_page_to_dict>
        <Function test_page_similarity_score_float>
        <Function test_page_similarity_score_none>
      <Class TestWebScrapingService>
        <Function test_service_initialization>
        <Function test_extract_links>
        <Function test_extract_links_empty_html>
        <Function test_extract_links_no_links>
        <Function test_cosine_similarity>
        <Function test_cosine_similarity_orthogonal>
        <Function test_cosine_similarity_opposite>
      <Class TestWebScrapingServiceFiltering>
        <Function test_filter_relevant_links_skip_visited>
        <Function test_filter_relevant_links_same_domain>
        <Function test_filter_relevant_links_skip_login>
        <Function test_filter_relevant_links_include_documents>
      <Class TestWebScrapingServicePersistence>
        <Function test_mark_page_failed>
        <Function test_store_filtered_page>
      <Class TestWebScrapingServiceContentSaving>
        <Function test_save_content_creates_file>
      <Class TestWebScrapingServiceAsync>
        <Coroutine test_start_scraping_job_updates_status>
        <Coroutine test_start_scraping_job_not_found>
        <Coroutine test_scrape_url_recursive_max_pages>
        <Coroutine test_scrape_url_recursive_already_visited>
      <Class TestWebScrapingIntegration>
        <Function test_full_url_validation_flow>
        <Function test_google_drive_complete_flow>
      <Class TestWebScrapingErrorHandling>
        <Function test_url_validator_handles_malformed>
        <Function test_cosine_similarity_error_handling>
    <Module test_world_model_api.py>
      <Class TestWorldModelHelpers>
        <Function test_get_source_code_stats>
        <Function test_get_knowledge_base_stats>
        <Function test_get_system_resources>
        <Function test_read_source_file>
        <Function test_read_source_file_not_found>
        <Function test_read_source_file_path_escape>
        <Function test_build_state_context>
      <Class TestLibrarianFsHelpers>
        <Function test_suggest_directory_python>
        <Function test_suggest_directory_markdown>
        <Function test_suggest_directory_csv>
        <Function test_suggest_directory_readme>
        <Function test_suggest_directory_unknown>
        <Function test_resolve_safe_path_escape>
        <Function test_format_bytes>
      <Class TestKimiClient>
        <Function test_kimi_client_init>
        <Function test_kimi_client_no_key>
      <Class TestLLMFactory>
        <Function test_factory_default>
        <Function test_factory_kimi>
        <Function test_factory_openai>
        <Function test_get_kimi_client>
        <Function test_raw_client_no_wrapper>
        <Function test_governance_prefix_builds>
    <Package unit>
      <Package api>
        <Module test_brain_v2.py>
          <Class TestBrainV2Routing>
            <Function test_directory_returns_all_domains>
            <Function test_invalid_domain_returns_error>
            <Function test_invalid_action_returns_error>
            <Function test_brain_directory_lists_all_8_domains>
            <Function test_each_domain_has_actions>
            <Function test_empty_payload_accepted>
            <Function test_response_has_required_fields>
          <Class TestBrainOrchestration>
            <Function test_orchestrate_endpoint_exists>
            <Function test_orchestrate_empty_steps>
            <Function test_orchestrate_invalid_brain>
      <Package core>
        <Module test_memory_facade.py>
          <Class TestUnifiedMemoryImport>
            <Function test_import_unified_memory>
            <Function test_import_learning_example>
            <Function test_import_episode>
          <Class TestJsonSerialization>
            <Function test_to_json_str_with_dict>
            <Function test_to_json_str_with_none>
            <Function test_to_json_str_with_string>
            <Function test_to_json_str_with_nested_dict>
            <Function test_from_json_str_with_dict>
            <Function test_from_json_str_with_none>
            <Function test_from_json_str_with_dict_passthrough>
        <Module test_self_model.py>
          <Class TestTimeSense>
            <Function test_now_context_returns_dict>
            <Function test_get_context_alias>
            <Function test_period_is_valid>
            <Function test_urgency_score_returns_dict>
            <Function test_activity_patterns_with_empty_list>
          <Class TestSelfModel>
            <Function test_import_self_model>
            <Function test_self_model_now>

============================== warnings summary ===============================
.venv\Lib\site-packages\requests\__init__.py:113
  C:\Users\aaron\Desktop\grace-3.1--Aaron-new2\.venv\Lib\site-packages\requests\__init__.py:113: RequestsDependencyWarning: urllib3 (2.6.3) or chardet (7.0.1)/charset_normalizer (3.4.5) doesn't match a supported version!
    warnings.warn(

backend\api\core\brain_controller.py:23
  C:\Users\aaron\Desktop\grace-3.1--Aaron-new2\backend\tests\..\api\core\brain_controller.py:23: PydanticDeprecatedSince20: Support for class-based `config` is deprecated, use ConfigDict instead. Deprecated in Pydantic V2.0 to be removed in V3.0. See Pydantic V2 Migration Guide at https://errors.pydantic.dev/2.12/migration/
    class BrainPayload(BaseModel):

.venv\Lib\site-packages\sqlalchemy\sql\schema.py:3624: 112 warnings
  C:\Users\aaron\Desktop\grace-3.1--Aaron-new2\.venv\Lib\site-packages\sqlalchemy\sql\schema.py:3624: DeprecationWarning: datetime.datetime.utcnow() is deprecated and scheduled for removal in a future version. Use timezone-aware objects to represent datetimes in UTC: datetime.datetime.now(datetime.UTC).
    return util.wrap_callable(lambda ctx: fn(), fn)  # type: ignore

<string>:8
<string>:8
<string>:8
<string>:8
<string>:8
<string>:8
  <string>:8: DeprecationWarning: datetime.datetime.utcnow() is deprecated and scheduled for removal in a future version. Use timezone-aware objects to represent datetimes in UTC: datetime.datetime.now(datetime.UTC).

backend\diagnostic_machine\sensors.py:43
  C:\Users\aaron\Desktop\grace-3.1--Aaron-new2\backend\diagnostic_machine\sensors.py:43: PytestCollectionWarning: cannot collect test class 'TestResultData' because it has a __init__ constructor (from: tests/test_layer4_action_router.py)
    @dataclass

-- Docs: https://docs.pytest.org/en/stable/how-to/capture-warnings.html
======================= 1874 tests collected in 10.09s ========================
