============================= test session starts =============================
platform win32 -- Python 3.11.9, pytest-9.0.1, pluggy-1.6.0 -- C:\Users\aaron\AppData\Local\Programs\Python\Python311\python.exe
cachedir: .pytest_cache
rootdir: C:\Users\aaron\Desktop\grace-3.1--Aaron-new2
plugins: anyio-4.11.0, asyncio-1.3.0, cov-7.0.0
asyncio: mode=Mode.STRICT, debug=False, asyncio_default_fixture_loop_scope=None, asyncio_default_test_loop_scope=function
collecting ... collected 2 items

tests/backend/cognitive/test_cognitive_e2e_loop.py::test_cognitive_framework_e2e_pipeline PASSED [ 50%]
tests/backend/cognitive/test_cognitive_e2e_loop.py::test_ooda_loop_executor_direct PASSED [100%]

============================== warnings summary ===============================
tests/backend/cognitive/test_cognitive_e2e_loop.py::test_cognitive_framework_e2e_pipeline
  C:\Users\aaron\Desktop\grace-3.1--Aaron-new2\backend\cognitive_framework\cognitive_playbook_executor.py:50: PydanticDeprecatedSince20: The `dict` method is deprecated; use `model_dump` instead. Deprecated in Pydantic V2.0 to be removed in V3.0. See Pydantic V2 Migration Guide at https://errors.pydantic.dev/2.5/migration/
    input_data={"playbook_id": playbook_id, "event": event.dict(), "decision_id": clarity_decision_id},

tests/backend/cognitive/test_cognitive_e2e_loop.py::test_cognitive_framework_e2e_pipeline
  C:\Users\aaron\AppData\Local\Programs\Python\Python311\Lib\site-packages\pydantic\main.py:979: PydanticDeprecatedSince20: The `dict` method is deprecated; use `model_dump` instead. Deprecated in Pydantic V2.0 to be removed in V3.0. See Pydantic V2 Migration Guide at https://errors.pydantic.dev/2.5/migration/
    warnings.warn('The `dict` method is deprecated; use `model_dump` instead.', DeprecationWarning)

tests/backend/cognitive/test_cognitive_e2e_loop.py::test_cognitive_framework_e2e_pipeline
  C:\Users\aaron\AppData\Local\Programs\Python\Python311\Lib\site-packages\_pytest\threadexception.py:58: PytestUnhandledThreadExceptionWarning: Exception in thread zmq-event-bridge
  
  Traceback (most recent call last):
    File "C:\Users\aaron\AppData\Local\Programs\Python\Python311\Lib\threading.py", line 1045, in _bootstrap_inner
      self.run()
    File "C:\Users\aaron\AppData\Local\Programs\Python\Python311\Lib\threading.py", line 982, in run
      self._target(*self._args, **self._kwargs)
    File "C:\Users\aaron\Desktop\grace-3.1--Aaron-new2\backend\cognitive\event_bus.py", line 116, in _zmq_bridge_loop
      _zmq_pub_socket.bind(ZMQ_PUB_ENDPOINT)
    File "C:\Users\aaron\AppData\Roaming\Python\Python311\site-packages\zmq\sugar\socket.py", line 320, in bind
      super().bind(addr)
    File "zmq/backend/cython/_zmq.py", line 1009, in zmq.backend.cython._zmq.Socket.bind
    File "zmq/backend/cython/_zmq.py", line 190, in zmq.backend.cython._zmq._check_rc
  zmq.error.ZMQError: Address in use (addr='tcp://127.0.0.1:5520')
  
  Enable tracemalloc to get traceback where the object was allocated.
  See https://docs.pytest.org/en/stable/how-to/capture-warnings.html#resource-warnings for more info.
    warnings.warn(pytest.PytestUnhandledThreadExceptionWarning(msg))

-- Docs: https://docs.pytest.org/en/stable/how-to/capture-warnings.html
======================== 2 passed, 3 warnings in 7.07s ========================
