============================= test session starts =============================
platform win32 -- Python 3.11.9, pytest-9.0.1, pluggy-1.6.0 -- C:\Users\aaron\AppData\Local\Programs\Python\Python311\python.exe
cachedir: .pytest_cache
rootdir: C:\Users\aaron\Desktop\grace-3.1--Aaron-new2
plugins: anyio-4.11.0, asyncio-1.3.0, cov-7.0.0
asyncio: mode=Mode.STRICT, debug=False, asyncio_default_fixture_loop_scope=None, asyncio_default_test_loop_scope=function
collecting ... collected 2 items

tests/backend/cognitive/test_cognitive_e2e_loop.py::test_cognitive_framework_e2e_pipeline FAILED [ 50%]
tests/backend/cognitive/test_cognitive_e2e_loop.py::test_ooda_loop_executor_direct PASSED [100%]

================================== FAILURES ===================================
____________________ test_cognitive_framework_e2e_pipeline ____________________

sample_cognitive_event = CognitiveEvent(id='evt_test_123', type='system.crash', source_component='database_service', timestamp=datetime.datetim...nfo=TzInfo(UTC)), severity=5, recurrence_count=0, payload={'error': 'Connection pool exhausted', 'stack_trace': '...'})

    @pytest.mark.asyncio
    async def test_cognitive_framework_e2e_pipeline(sample_cognitive_event):
        """
        Tests the full execution pipeline of Grace's Cognitive Framework:
        Event -> Consequence Engine -> Escalation -> OODA Blueprint -> Task Queue
        """
    
        # Setup Mocks so we don't hit live Event Bus / Database
>       with patch("backend.core.clarity_framework.ClarityFramework.record_decision") as mock_clarity, \
             patch("backend.cognitive.event_bus.get_event_bus") as mock_bus_getter, \
             patch("backend.cognitive_framework.cognitive_playbook_executor.queue_submit") as mock_queue_submit, \
             patch("backend.api._genesis_tracker.track") as mock_track:

tests\backend\cognitive\test_cognitive_e2e_loop.py:39: 
_ _ _ _ _ _ _ _ _ _ _ _ _ _ _ _ _ _ _ _ _ _ _ _ _ _ _ _ _ _ _ _ _ _ _ _ _ _ _ _
..\..\AppData\Local\Programs\Python\Python311\Lib\unittest\mock.py:1446: in __enter__
    original, local = self.get_original()
                      ^^^^^^^^^^^^^^^^^^^
_ _ _ _ _ _ _ _ _ _ _ _ _ _ _ _ _ _ _ _ _ _ _ _ _ _ _ _ _ _ _ _ _ _ _ _ _ _ _ _

self = <unittest.mock._patch object at 0x0000023D091CD690>

    def get_original(self):
        target = self.getter()
        name = self.attribute
    
        original = DEFAULT
        local = False
    
        try:
            original = target.__dict__[name]
        except (AttributeError, KeyError):
            original = getattr(target, name, DEFAULT)
        else:
            local = True
    
        if name in _builtins and isinstance(target, ModuleType):
            self.create = True
    
        if not self.create and original is DEFAULT:
>           raise AttributeError(
                "%s does not have the attribute %r" % (target, name)
            )
E           AttributeError: <module 'backend.cognitive.event_bus' from 'C:\\Users\\aaron\\Desktop\\grace-3.1--Aaron-new2\\backend\\cognitive\\event_bus.py'> does not have the attribute 'get_event_bus'

..\..\AppData\Local\Programs\Python\Python311\Lib\unittest\mock.py:1419: AttributeError
============================== warnings summary ===============================
tests/backend/cognitive/test_cognitive_e2e_loop.py::test_cognitive_framework_e2e_pipeline
  C:\Users\aaron\AppData\Local\Programs\Python\Python311\Lib\site-packages\_pytest\threadexception.py:58: PytestUnhandledThreadExceptionWarning: Exception in thread zmq-event-bridge
  
  Traceback (most recent call last):
    File "C:\Users\aaron\AppData\Local\Programs\Python\Python311\Lib\threading.py", line 1045, in _bootstrap_inner
      self.run()
    File "C:\Users\aaron\AppData\Local\Programs\Python\Python311\Lib\threading.py", line 982, in run
      self._target(*self._args, **self._kwargs)
    File "C:\Users\aaron\Desktop\grace-3.1--Aaron-new2\backend\cognitive\event_bus.py", line 116, in _zmq_bridge_loop
      _zmq_pub_socket.bind(ZMQ_PUB_ENDPOINT)
    File "C:\Users\aaron\AppData\Roaming\Python\Python311\site-packages\zmq\sugar\socket.py", line 320, in bind
      super().bind(addr)
    File "zmq/backend/cython/_zmq.py", line 1009, in zmq.backend.cython._zmq.Socket.bind
    File "zmq/backend/cython/_zmq.py", line 190, in zmq.backend.cython._zmq._check_rc
  zmq.error.ZMQError: Address in use (addr='tcp://127.0.0.1:5520')
  
  Enable tracemalloc to get traceback where the object was allocated.
  See https://docs.pytest.org/en/stable/how-to/capture-warnings.html#resource-warnings for more info.
    warnings.warn(pytest.PytestUnhandledThreadExceptionWarning(msg))

-- Docs: https://docs.pytest.org/en/stable/how-to/capture-warnings.html
=========================== short test summary info ===========================
FAILED tests/backend/cognitive/test_cognitive_e2e_loop.py::test_cognitive_framework_e2e_pipeline
=================== 1 failed, 1 passed, 1 warning in 1.15s ====================
