============================= test session starts =============================
platform win32 -- Python 3.11.9, pytest-9.0.1, pluggy-1.6.0 -- C:\Users\aaron\AppData\Local\Programs\Python\Python311\python.exe
cachedir: .pytest_cache
rootdir: C:\Users\aaron\Desktop\grace-3.1--Aaron-new2
plugins: anyio-4.11.0, asyncio-1.3.0, cov-7.0.0
asyncio: mode=Mode.STRICT, debug=False, asyncio_default_fixture_loop_scope=None, asyncio_default_test_loop_scope=function
collecting ... collected 0 items / 1 error

=================================== ERRORS ====================================
_____ ERROR collecting tests/backend/cognitive/test_cognitive_e2e_loop.py _____
ImportError while importing test module 'C:\Users\aaron\Desktop\grace-3.1--Aaron-new2\tests\backend\cognitive\test_cognitive_e2e_loop.py'.
Hint: make sure your test modules/packages have valid Python names.
Traceback:
..\..\AppData\Local\Programs\Python\Python311\Lib\importlib\__init__.py:126: in import_module
    return _bootstrap._gcd_import(name[level:], package, level)
           ^^^^^^^^^^^^^^^^^^^^^^^^^^^^^^^^^^^^^^^^^^^^^^^^^^^^
tests\backend\cognitive\test_cognitive_e2e_loop.py:18: in <module>
    import backend.api._genesis_tracker
backend\api\__init__.py:5: in <module>
    from .ingest import router as ingest_router
backend\api\ingest.py:12: in <module>
    from backend.ingestion.service import TextIngestionService
backend\ingestion\__init__.py:5: in <module>
    from .service import TextIngestionService, TextChunker
backend\ingestion\service.py:15: in <module>
    from embedding import EmbeddingModel
E   ModuleNotFoundError: No module named 'embedding'
=========================== short test summary info ===========================
ERROR tests/backend/cognitive/test_cognitive_e2e_loop.py
!!!!!!!!!!!!!!!!!!! Interrupted: 1 error during collection !!!!!!!!!!!!!!!!!!!!
============================== 1 error in 1.93s ===============================
