============================= test session starts =============================
platform win32 -- Python 3.14.2, pytest-9.0.2, pluggy-1.6.0 -- C:\Python314\python.exe
cachedir: .pytest_cache
rootdir: C:\Users\aaron\Desktop\grace-3.1--Aaron-new2\backend
configfile: pytest.ini
plugins: anyio-4.12.1, asyncio-1.3.0, cov-7.0.0
asyncio: mode=Mode.AUTO, debug=False, asyncio_default_fixture_loop_scope=None, asyncio_default_test_loop_scope=function
collecting ... collected 35 items

tests/test_grace_system.py::TestLevel1Smoke::test_app_imports PASSED     [  2%]
tests/test_grace_system.py::TestLevel1Smoke::test_brain_api_imports PASSED [  5%]
tests/test_grace_system.py::TestLevel1Smoke::test_all_services_import PASSED [  8%]
tests/test_grace_system.py::TestLevel1Smoke::test_consensus_engine_imports PASSED [ 11%]
tests/test_grace_system.py::TestLevel1Smoke::test_memory_imports PASSED  [ 14%]
tests/test_grace_system.py::TestLevel1Smoke::test_awareness_imports PASSED [ 17%]
tests/test_grace_system.py::TestLevel1Smoke::test_resilience_imports PASSED [ 20%]
tests/test_grace_system.py::TestLevel1Smoke::test_intelligence_imports PASSED [ 22%]
tests/test_grace_system.py::TestLevel1Smoke::test_security_imports PASSED [ 25%]
tests/test_grace_system.py::TestLevel1Smoke::test_genesis_tracker_imports PASSED [ 28%]
tests/test_grace_system.py::TestLevel1Smoke::test_deep_learning_imports PASSED [ 31%]
tests/test_grace_system.py::TestLevel2Components::test_brain_returns_valid_response PASSED [ 34%]
tests/test_grace_system.py::TestLevel2Components::test_brain_handles_invalid_action PASSED [ 37%]
tests/test_grace_system.py::TestLevel2Components::test_brain_all_domains_respond PASSED [ 40%]
tests/test_grace_system.py::TestLevel2Components::test_files_service_stats PASSED [ 42%]
tests/test_grace_system.py::TestLevel2Components::test_govern_persona PASSED [ 45%]
tests/test_grace_system.py::TestLevel2Components::test_time_sense_context PASSED [ 48%]
tests/test_grace_system.py::TestLevel2Components::test_circuit_breaker_transitions PASSED [ 51%]
tests/test_grace_system.py::TestLevel2Components::test_error_boundary_contains PASSED [ 54%]
tests/test_grace_system.py::TestLevel2Components::test_rate_limiter PASSED [ 57%]
tests/test_grace_system.py::TestLevel2Components::test_sql_injection_detection PASSED [ 60%]
tests/test_grace_system.py::TestLevel2Components::test_adaptive_trust_update PASSED [ 62%]
tests/test_grace_system.py::TestLevel2Components::test_json_serialization PASSED [ 65%]
tests/test_grace_system.py::TestLevel2Components::test_deep_learning_model PASSED [ 68%]
tests/test_grace_system.py::TestLevel3Integration::test_brain_to_service_to_data PASSED [ 71%]
tests/test_grace_system.py::TestLevel3Integration::test_cross_brain_orchestration PASSED [ 74%]
tests/test_grace_system.py::TestLevel3Integration::test_consensus_updates_trust PASSED [ 77%]
tests/test_grace_system.py::TestLevel3Integration::test_genesis_key_mining PASSED [ 80%]
tests/test_grace_system.py::TestLevel3Integration::test_security_pipeline PASSED [ 82%]
tests/test_grace_system.py::TestLevel3Integration::test_resilience_with_brain PASSED [ 85%]
tests/test_grace_system.py::TestLevel3Integration::test_dl_model_train_and_predict PASSED [ 88%]
tests/test_grace_system.py::TestLevel4EndToEnd::test_full_brain_directory PASSED [ 91%]
tests/test_grace_system.py::TestLevel4EndToEnd::test_full_system_status PASSED [ 94%]
tests/test_grace_system.py::TestLevel4EndToEnd::test_full_intelligence_report PASSED [ 97%]
tests/test_grace_system.py::TestLevel4EndToEnd::test_full_verification_script FAILED [100%]

================================== FAILURES ===================================
______________ TestLevel4EndToEnd.test_full_verification_script _______________
tests\test_grace_system.py:348: in test_full_verification_script
    assert "ALL CHECKS PASSED" in result.stdout
           ^^^^^^^^^^^^^^^^^^^^^^^^^^^^^^^^^^^^
E   TypeError: argument of type 'NoneType' is not a container or iterable
============================== warnings summary ===============================
tests/test_grace_system.py::TestLevel1Smoke::test_app_imports
  C:\Users\aaron\Desktop\grace-3.1--Aaron-new2\backend\tests\..\api\core\brain_controller.py:23: PydanticDeprecatedSince20: Support for class-based `config` is deprecated, use ConfigDict instead. Deprecated in Pydantic V2.0 to be removed in V3.0. See Pydantic V2 Migration Guide at https://errors.pydantic.dev/2.12/migration/
    class BrainPayload(BaseModel):

tests/test_grace_system.py::TestLevel1Smoke::test_app_imports
  C:\Users\aaron\Desktop\grace-3.1--Aaron-new2\backend\tests\..\api\health.py:39: DeprecationWarning: datetime.datetime.utcnow() is deprecated and scheduled for removal in a future version. Use timezone-aware objects to represent datetimes in UTC: datetime.datetime.now(datetime.UTC).
    _startup_time = datetime.utcnow()

tests/test_grace_system.py: 83 warnings
  C:\Users\aaron\Desktop\grace-3.1--Aaron-new2\backend\tests\..\genesis\realtime.py:71: DeprecationWarning: datetime.datetime.utcnow() is deprecated and scheduled for removal in a future version. Use timezone-aware objects to represent datetimes in UTC: datetime.datetime.now(datetime.UTC).
    now = datetime.utcnow()

tests/test_grace_system.py: 166 warnings
  C:\Users\aaron\Desktop\grace-3.1--Aaron-new2\backend\tests\..\cognitive\event_bus.py:33: DeprecationWarning: datetime.datetime.utcnow() is deprecated and scheduled for removal in a future version. Use timezone-aware objects to represent datetimes in UTC: datetime.datetime.now(datetime.UTC).
    timestamp: str = field(default_factory=lambda: datetime.utcnow().isoformat())

tests/test_grace_system.py::TestLevel2Components::test_brain_returns_valid_response
tests/test_grace_system.py::TestLevel2Components::test_time_sense_context
tests/test_grace_system.py::TestLevel3Integration::test_cross_brain_orchestration
  C:\Users\aaron\Desktop\grace-3.1--Aaron-new2\backend\tests\..\cognitive\time_sense.py:32: DeprecationWarning: datetime.datetime.utcnow() is deprecated and scheduled for removal in a future version. Use timezone-aware objects to represent datetimes in UTC: datetime.datetime.now(datetime.UTC).
    now = datetime.utcnow()

tests/test_grace_system.py::TestLevel2Components::test_brain_returns_valid_response
tests/test_grace_system.py::TestLevel2Components::test_brain_handles_invalid_action
tests/test_grace_system.py::TestLevel2Components::test_brain_all_domains_respond
tests/test_grace_system.py::TestLevel2Components::test_brain_all_domains_respond
tests/test_grace_system.py::TestLevel2Components::test_brain_all_domains_respond
tests/test_grace_system.py::TestLevel2Components::test_brain_all_domains_respond
tests/test_grace_system.py::TestLevel2Components::test_brain_all_domains_respond
tests/test_grace_system.py::TestLevel2Components::test_brain_all_domains_respond
tests/test_grace_system.py::TestLevel2Components::test_brain_all_domains_respond
  <string>:5: DeprecationWarning: datetime.datetime.utcnow() is deprecated and scheduled for removal in a future version. Use timezone-aware objects to represent datetimes in UTC: datetime.datetime.now(datetime.UTC).

tests/test_grace_system.py::TestLevel2Components::test_brain_returns_valid_response
tests/test_grace_system.py::TestLevel2Components::test_brain_handles_invalid_action
tests/test_grace_system.py::TestLevel2Components::test_brain_all_domains_respond
tests/test_grace_system.py::TestLevel2Components::test_brain_all_domains_respond
tests/test_grace_system.py::TestLevel2Components::test_brain_all_domains_respond
tests/test_grace_system.py::TestLevel2Components::test_brain_all_domains_respond
tests/test_grace_system.py::TestLevel2Components::test_brain_all_domains_respond
tests/test_grace_system.py::TestLevel2Components::test_brain_all_domains_respond
tests/test_grace_system.py::TestLevel2Components::test_brain_all_domains_respond
  <string>:6: DeprecationWarning: datetime.datetime.utcnow() is deprecated and scheduled for removal in a future version. Use timezone-aware objects to represent datetimes in UTC: datetime.datetime.now(datetime.UTC).

tests/test_grace_system.py: 18 warnings
  <string>:7: DeprecationWarning: datetime.datetime.utcnow() is deprecated and scheduled for removal in a future version. Use timezone-aware objects to represent datetimes in UTC: datetime.datetime.now(datetime.UTC).

tests/test_grace_system.py: 34 warnings
  C:\Users\aaron\Desktop\grace-3.1--Aaron-new2\backend\tests\..\ml_intelligence\kpi_tracker.py:39: DeprecationWarning: datetime.datetime.utcnow() is deprecated and scheduled for removal in a future version. Use timezone-aware objects to represent datetimes in UTC: datetime.datetime.now(datetime.UTC).
    self.timestamp = datetime.utcnow()

tests/test_grace_system.py: 34 warnings
  C:\Users\aaron\Desktop\grace-3.1--Aaron-new2\backend\tests\..\ml_intelligence\kpi_tracker.py:67: DeprecationWarning: datetime.datetime.utcnow() is deprecated and scheduled for removal in a future version. Use timezone-aware objects to represent datetimes in UTC: datetime.datetime.now(datetime.UTC).
    self.updated_at = datetime.utcnow()

tests/test_grace_system.py::TestLevel2Components::test_brain_all_domains_respond
  C:\Users\aaron\Desktop\grace-3.1--Aaron-new2\backend\tests\..\core\services\govern_service.py:62: DeprecationWarning: datetime.datetime.utcnow() is deprecated and scheduled for removal in a future version. Use timezone-aware objects to represent datetimes in UTC: datetime.datetime.now(datetime.UTC).
    return {"timestamp": datetime.utcnow().isoformat(), "status": "basic"}

tests/test_grace_system.py::TestLevel2Components::test_brain_all_domains_respond
  C:\Users\aaron\Desktop\grace-3.1--Aaron-new2\backend\tests\..\core\services\tasks_service.py:33: DeprecationWarning: datetime.datetime.utcnow() is deprecated and scheduled for removal in a future version. Use timezone-aware objects to represent datetimes in UTC: datetime.datetime.now(datetime.UTC).
    return {"activities": [], "timestamp": datetime.utcnow().isoformat()}

tests/test_grace_system.py::TestLevel2Components::test_brain_all_domains_respond
  C:\Users\aaron\Desktop\grace-3.1--Aaron-new2\backend\tests\..\core\deterministic_bridge.py:34: DeprecationWarning: datetime.datetime.utcnow() is deprecated and scheduled for removal in a future version. Use timezone-aware objects to represent datetimes in UTC: datetime.datetime.now(datetime.UTC).
    "scanned_at": datetime.utcnow().isoformat(),

tests/test_grace_system.py::TestLevel2Components::test_error_boundary_contains
  C:\Users\aaron\Desktop\grace-3.1--Aaron-new2\backend\tests\..\genesis\realtime.py:184: DeprecationWarning: datetime.datetime.utcnow() is deprecated and scheduled for removal in a future version. Use timezone-aware objects to represent datetimes in UTC: datetime.datetime.now(datetime.UTC).
    timestamp=datetime.utcnow().isoformat(),

tests/test_grace_system.py::TestLevel2Components::test_error_boundary_contains
  C:\Users\aaron\Desktop\grace-3.1--Aaron-new2\backend\tests\..\genesis\realtime.py:176: DeprecationWarning: datetime.datetime.utcnow() is deprecated and scheduled for removal in a future version. Use timezone-aware objects to represent datetimes in UTC: datetime.datetime.now(datetime.UTC).
    if ts and (datetime.utcnow() - ts).seconds < 30:

tests/test_grace_system.py::TestLevel2Components::test_deep_learning_model
  C:\Users\aaron\Desktop\grace-3.1--Aaron-new2\backend\tests\..\core\deep_learning.py:62: DeprecationWarning: datetime.datetime.utcnow() is deprecated and scheduled for removal in a future version. Use timezone-aware objects to represent datetimes in UTC: datetime.datetime.now(datetime.UTC).
    dt = datetime.fromisoformat(when) if when else datetime.utcnow()

tests/test_grace_system.py::TestLevel3Integration::test_genesis_key_mining
tests/test_grace_system.py::TestLevel4EndToEnd::test_full_intelligence_report
  C:\Users\aaron\Desktop\grace-3.1--Aaron-new2\backend\tests\..\core\intelligence.py:56: DeprecationWarning: datetime.datetime.utcnow() is deprecated and scheduled for removal in a future version. Use timezone-aware objects to represent datetimes in UTC: datetime.datetime.now(datetime.UTC).
    since = datetime.utcnow() - timedelta(hours=hours)

tests/test_grace_system.py::TestLevel4EndToEnd::test_full_intelligence_report
  C:\Users\aaron\Desktop\grace-3.1--Aaron-new2\backend\tests\..\core\intelligence.py:318: DeprecationWarning: datetime.datetime.utcnow() is deprecated and scheduled for removal in a future version. Use timezone-aware objects to represent datetimes in UTC: datetime.datetime.now(datetime.UTC).
    "timestamp": datetime.utcnow().isoformat(),

tests/test_grace_system.py::TestLevel4EndToEnd::test_full_verification_script
  C:\Users\aaron\AppData\Roaming\Python\Python314\site-packages\_pytest\threadexception.py:58: PytestUnhandledThreadExceptionWarning: Exception in thread Thread-169 (_readerthread)
  
  Traceback (most recent call last):
    File "C:\Python314\Lib\threading.py", line 1082, in _bootstrap_inner
      self._context.run(self.run)
      ~~~~~~~~~~~~~~~~~^^^^^^^^^^
    File "C:\Python314\Lib\threading.py", line 1024, in run
      self._target(*self._args, **self._kwargs)
      ~~~~~~~~~~~~^^^^^^^^^^^^^^^^^^^^^^^^^^^^^
    File "C:\Python314\Lib\subprocess.py", line 1613, in _readerthread
      buffer.append(fh.read())
                    ~~~~~~~^^
    File "C:\Python314\Lib\encodings\cp1252.py", line 23, in decode
      return codecs.charmap_decode(input,self.errors,decoding_table)[0]
             ~~~~~~~~~~~~~~~~~~~~~^^^^^^^^^^^^^^^^^^^^^^^^^^^^^^^^^^
  UnicodeDecodeError: 'charmap' codec can't decode byte 0x9d in position 413: character maps to <undefined>
  
  Enable tracemalloc to get traceback where the object was allocated.
  See https://docs.pytest.org/en/stable/how-to/capture-warnings.html#resource-warnings for more info.
    warnings.warn(pytest.PytestUnhandledThreadExceptionWarning(msg))

-- Docs: https://docs.pytest.org/en/stable/how-to/capture-warnings.html
=========================== short test summary info ===========================
FAILED tests/test_grace_system.py::TestLevel4EndToEnd::test_full_verification_script
================= 1 failed, 34 passed, 368 warnings in 32.64s =================
