============================= test session starts =============================
platform win32 -- Python 3.11.9, pytest-9.0.1, pluggy-1.6.0
rootdir: C:\Users\aaron\Desktop\grace-3.1--Aaron-new2\backend
configfile: pytest.ini
plugins: anyio-4.11.0, asyncio-1.3.0, cov-7.0.0
asyncio: mode=Mode.AUTO, debug=False, asyncio_default_fixture_loop_scope=None, asyncio_default_test_loop_scope=function
collected 1821 items / 18 errors

=================================== ERRORS ====================================
____ ERROR collecting mcp_repos/mcp-servers/src/fetch/tests/test_server.py ____
ImportError while importing test module 'C:\Users\aaron\Desktop\grace-3.1--Aaron-new2\backend\mcp_repos\mcp-servers\src\fetch\tests\test_server.py'.
Hint: make sure your test modules/packages have valid Python names.
Traceback:
..\..\..\AppData\Local\Programs\Python\Python311\Lib\importlib\__init__.py:126: in import_module
    return _bootstrap._gcd_import(name[level:], package, level)
           ^^^^^^^^^^^^^^^^^^^^^^^^^^^^^^^^^^^^^^^^^^^^^^^^^^^^
mcp_repos\mcp-servers\src\fetch\tests\test_server.py:5: in <module>
    from mcp.shared.exceptions import McpError
E   ModuleNotFoundError: No module named 'mcp'
_____ ERROR collecting mcp_repos/mcp-servers/src/git/tests/test_server.py _____
ImportError while importing test module 'C:\Users\aaron\Desktop\grace-3.1--Aaron-new2\backend\mcp_repos\mcp-servers\src\git\tests\test_server.py'.
Hint: make sure your test modules/packages have valid Python names.
Traceback:
..\..\..\AppData\Local\Programs\Python\Python311\Lib\importlib\__init__.py:126: in import_module
    return _bootstrap._gcd_import(name[level:], package, level)
           ^^^^^^^^^^^^^^^^^^^^^^^^^^^^^^^^^^^^^^^^^^^^^^^^^^^^
mcp_repos\mcp-servers\src\git\tests\test_server.py:3: in <module>
    import git
E   ModuleNotFoundError: No module named 'git'
__ ERROR collecting mcp_repos/mcp-servers/src/time/test/time_server_test.py ___
ImportError while importing test module 'C:\Users\aaron\Desktop\grace-3.1--Aaron-new2\backend\mcp_repos\mcp-servers\src\time\test\time_server_test.py'.
Hint: make sure your test modules/packages have valid Python names.
Traceback:
..\..\..\AppData\Local\Programs\Python\Python311\Lib\importlib\__init__.py:126: in import_module
    return _bootstrap._gcd_import(name[level:], package, level)
           ^^^^^^^^^^^^^^^^^^^^^^^^^^^^^^^^^^^^^^^^^^^^^^^^^^^^
mcp_repos\mcp-servers\src\time\test\time_server_test.py:2: in <module>
    from freezegun import freeze_time
E   ModuleNotFoundError: No module named 'freezegun'
______________________ ERROR collecting test_lifespan.py ______________________
ImportError while importing test module 'C:\Users\aaron\Desktop\grace-3.1--Aaron-new2\backend\test_lifespan.py'.
Hint: make sure your test modules/packages have valid Python names.
Traceback:
..\..\..\AppData\Local\Programs\Python\Python311\Lib\importlib\__init__.py:126: in import_module
    return _bootstrap._gcd_import(name[level:], package, level)
           ^^^^^^^^^^^^^^^^^^^^^^^^^^^^^^^^^^^^^^^^^^^^^^^^^^^^
test_lifespan.py:2: in <module>
    import app
app.py:29: in <module>
    from llm_orchestrator.factory import get_llm_client
llm_orchestrator\__init__.py:18: in <module>
    from .learning_integration import LearningIntegration
llm_orchestrator\learning_integration.py:20: in <module>
    from genesis.cognitive_layer1_integration import CognitiveLayer1Integration
genesis\cognitive_layer1_integration.py:19: in <module>
    from genesis.layer1_integration import Layer1Integration
genesis\layer1_integration.py:25: in <module>
    from genesis.pipeline_integration import get_data_pipeline
genesis\pipeline_integration.py:14: in <module>
    from genesis.genesis_key_service import get_genesis_service
genesis\genesis_key_service.py:23: in <module>
    from version_control.git_service import GitService
version_control\git_service.py:9: in <module>
    from dulwich.repo import Repo
E   ModuleNotFoundError: No module named 'dulwich'
------------------------------- Captured stdout -------------------------------
[OK] Genesis log handler: WARNING+ -> Genesis keys
[OK] Logging configured: Console(WARN+), File(DEBUG+), Structured(INFO+), Audit(WARN+) -> logs/
________ ERROR collecting tests/grace_os/test_grace_os_message_bus.py _________
ImportError while importing test module 'C:\Users\aaron\Desktop\grace-3.1--Aaron-new2\backend\tests\grace_os\test_grace_os_message_bus.py'.
Hint: make sure your test modules/packages have valid Python names.
Traceback:
..\..\..\AppData\Local\Programs\Python\Python311\Lib\importlib\__init__.py:126: in import_module
    return _bootstrap._gcd_import(name[level:], package, level)
           ^^^^^^^^^^^^^^^^^^^^^^^^^^^^^^^^^^^^^^^^^^^^^^^^^^^^
tests\grace_os\test_grace_os_message_bus.py:8: in <module>
    from grace_os.layers.base_layer import BaseLayer
grace_os\layers\__init__.py:3: in <module>
    from .grace_layer import GraceLayer
grace_os\layers\grace_layer.py:19: in <module>
    from llm_orchestrator.llm_orchestrator import LLMOrchestrator, TaskType
llm_orchestrator\__init__.py:18: in <module>
    from .learning_integration import LearningIntegration
llm_orchestrator\learning_integration.py:20: in <module>
    from genesis.cognitive_layer1_integration import CognitiveLayer1Integration
genesis\cognitive_layer1_integration.py:19: in <module>
    from genesis.layer1_integration import Layer1Integration
genesis\layer1_integration.py:25: in <module>
    from genesis.pipeline_integration import get_data_pipeline
genesis\pipeline_integration.py:14: in <module>
    from genesis.genesis_key_service import get_genesis_service
genesis\genesis_key_service.py:23: in <module>
    from version_control.git_service import GitService
version_control\git_service.py:9: in <module>
    from dulwich.repo import Repo
E   ModuleNotFoundError: No module named 'dulwich'
_____________________ ERROR collecting tests/test_app.py ______________________
ImportError while importing test module 'C:\Users\aaron\Desktop\grace-3.1--Aaron-new2\backend\tests\test_app.py'.
Hint: make sure your test modules/packages have valid Python names.
Traceback:
..\..\..\AppData\Local\Programs\Python\Python311\Lib\importlib\__init__.py:126: in import_module
    return _bootstrap._gcd_import(name[level:], package, level)
           ^^^^^^^^^^^^^^^^^^^^^^^^^^^^^^^^^^^^^^^^^^^^^^^^^^^^
tests\test_app.py:7: in <module>
    from app import app, ChatRequest, ChatResponse, Message, HealthResponse
app.py:45: in <module>
    from api.auth import router as auth_router
api\auth.py:14: in <module>
    from genesis.genesis_key_service import get_genesis_service
genesis\genesis_key_service.py:23: in <module>
    from version_control.git_service import GitService
version_control\git_service.py:9: in <module>
    from dulwich.repo import Repo
E   ModuleNotFoundError: No module named 'dulwich'
------------------------------- Captured stdout -------------------------------
[OK] Genesis log handler: WARNING+ -> Genesis keys
[OK] Logging configured: Console(WARN+), File(DEBUG+), Structured(INFO+), Audit(WARN+) -> logs/
_________________ ERROR collecting tests/test_auto_ingest.py __________________
Using pytest.skip outside of a test will skip the entire module. If that's your intention, pass `allow_module_level=True`. If you want to skip a specific test or an entire class, use the @pytest.mark.skip or @pytest.mark.skipif decorators.
------------------------------- Captured stdout -------------------------------
[TEST] Initializing database...\n[TEST] \u2713 Database initialized\n\n[TEST] Setting up file manager...
------------------------------- Captured stderr -------------------------------
WARNING: Error during table creation (may be normal): OperationalError: (sqlite3.OperationalError) index ix_learning_examples_example_type already exists
[SQL: CREATE INDEX
________ ERROR collecting tests/test_autonomous_healing_simulation.py _________
ImportError while importing test module 'C:\Users\aaron\Desktop\grace-3.1--Aaron-new2\backend\tests\test_autonomous_healing_simulation.py'.
Hint: make sure your test modules/packages have valid Python names.
Traceback:
..\..\..\AppData\Local\Programs\Python\Python311\Lib\importlib\__init__.py:126: in import_module
    return _bootstrap._gcd_import(name[level:], package, level)
           ^^^^^^^^^^^^^^^^^^^^^^^^^^^^^^^^^^^^^^^^^^^^^^^^^^^^
tests\test_autonomous_healing_simulation.py:5: in <module>
    from cognitive.autonomous_healing_system import (
cognitive\autonomous_healing_system.py:26: in <module>
    from genesis.healing_system import get_healing_system
genesis\healing_system.py:18: in <module>
    from genesis.genesis_key_service import get_genesis_service
genesis\genesis_key_service.py:23: in <module>
    from version_control.git_service import GitService
version_control\git_service.py:9: in <module>
    from dulwich.repo import Repo
E   ModuleNotFoundError: No module named 'dulwich'
_______________ ERROR collecting tests/test_cognitive_layer1.py _______________
ImportError while importing test module 'C:\Users\aaron\Desktop\grace-3.1--Aaron-new2\backend\tests\test_cognitive_layer1.py'.
Hint: make sure your test modules/packages have valid Python names.
Traceback:
..\..\..\AppData\Local\Programs\Python\Python311\Lib\importlib\__init__.py:126: in import_module
    return _bootstrap._gcd_import(name[level:], package, level)
           ^^^^^^^^^^^^^^^^^^^^^^^^^^^^^^^^^^^^^^^^^^^^^^^^^^^^
tests\test_cognitive_layer1.py:22: in <module>
    from genesis.cognitive_layer1_integration import get_cognitive_layer1_integration
genesis\cognitive_layer1_integration.py:19: in <module>
    from genesis.layer1_integration import Layer1Integration
genesis\layer1_integration.py:25: in <module>
    from genesis.pipeline_integration import get_data_pipeline
genesis\pipeline_integration.py:14: in <module>
    from genesis.genesis_key_service import get_genesis_service
genesis\genesis_key_service.py:23: in <module>
    from version_control.git_service import GitService
version_control\git_service.py:9: in <module>
    from dulwich.repo import Repo
E   ModuleNotFoundError: No module named 'dulwich'
______________ ERROR collecting tests/test_document_download.py _______________
ImportError while importing test module 'C:\Users\aaron\Desktop\grace-3.1--Aaron-new2\backend\tests\test_document_download.py'.
Hint: make sure your test modules/packages have valid Python names.
Traceback:
..\..\..\AppData\Local\Programs\Python\Python311\Lib\importlib\__init__.py:126: in import_module
    return _bootstrap._gcd_import(name[level:], package, level)
           ^^^^^^^^^^^^^^^^^^^^^^^^^^^^^^^^^^^^^^^^^^^^^^^^^^^^
tests\test_document_download.py:18: in <module>
    from scraping.url_validator import URLValidator
scraping\__init__.py:8: in <module>
    from .service import WebScrapingService
scraping\service.py:12: in <module>
    import trafilatura
E   ModuleNotFoundError: No module named 'trafilatura'
________________ ERROR collecting tests/test_drive_support.py _________________
ImportError while importing test module 'C:\Users\aaron\Desktop\grace-3.1--Aaron-new2\backend\tests\test_drive_support.py'.
Hint: make sure your test modules/packages have valid Python names.
Traceback:
..\..\..\AppData\Local\Programs\Python\Python311\Lib\importlib\__init__.py:126: in import_module
    return _bootstrap._gcd_import(name[level:], package, level)
           ^^^^^^^^^^^^^^^^^^^^^^^^^^^^^^^^^^^^^^^^^^^^^^^^^^^^
tests\test_drive_support.py:12: in <module>
    from scraping.url_validator import URLValidator
scraping\__init__.py:8: in <module>
    from .service import WebScrapingService
scraping\service.py:12: in <module>
    import trafilatura
E   ModuleNotFoundError: No module named 'trafilatura'
_______________ ERROR collecting tests/test_genesis_pipeline.py _______________
ImportError while importing test module 'C:\Users\aaron\Desktop\grace-3.1--Aaron-new2\backend\tests\test_genesis_pipeline.py'.
Hint: make sure your test modules/packages have valid Python names.
Traceback:
..\..\..\AppData\Local\Programs\Python\Python311\Lib\importlib\__init__.py:126: in import_module
    return _bootstrap._gcd_import(name[level:], package, level)
           ^^^^^^^^^^^^^^^^^^^^^^^^^^^^^^^^^^^^^^^^^^^^^^^^^^^^
tests\test_genesis_pipeline.py:14: in <module>
    from genesis.genesis_key_service import get_genesis_service
genesis\genesis_key_service.py:23: in <module>
    from version_control.git_service import GitService
version_control\git_service.py:9: in <module>
    from dulwich.repo import Repo
E   ModuleNotFoundError: No module named 'dulwich'
______________ ERROR collecting tests/test_grace_planning_api.py ______________
ImportError while importing test module 'C:\Users\aaron\Desktop\grace-3.1--Aaron-new2\backend\tests\test_grace_planning_api.py'.
Hint: make sure your test modules/packages have valid Python names.
Traceback:
..\..\..\AppData\Local\Programs\Python\Python311\Lib\importlib\__init__.py:126: in import_module
    return _bootstrap._gcd_import(name[level:], package, level)
           ^^^^^^^^^^^^^^^^^^^^^^^^^^^^^^^^^^^^^^^^^^^^^^^^^^^^
tests\test_grace_planning_api.py:12: in <module>
    from api.grace_planning_api import (
E   ModuleNotFoundError: No module named 'api.grace_planning_api'
_______________ ERROR collecting tests/test_grace_todos_api.py ________________
ImportError while importing test module 'C:\Users\aaron\Desktop\grace-3.1--Aaron-new2\backend\tests\test_grace_todos_api.py'.
Hint: make sure your test modules/packages have valid Python names.
Traceback:
..\..\..\AppData\Local\Programs\Python\Python311\Lib\importlib\__init__.py:126: in import_module
    return _bootstrap._gcd_import(name[level:], package, level)
           ^^^^^^^^^^^^^^^^^^^^^^^^^^^^^^^^^^^^^^^^^^^^^^^^^^^^
tests\test_grace_todos_api.py:13: in <module>
    from api.grace_todos_api import (
E   ModuleNotFoundError: No module named 'api.grace_todos_api'
___________ ERROR collecting tests/test_grace_todos_integration.py ____________
ImportError while importing test module 'C:\Users\aaron\Desktop\grace-3.1--Aaron-new2\backend\tests\test_grace_todos_integration.py'.
Hint: make sure your test modules/packages have valid Python names.
Traceback:
..\..\..\AppData\Local\Programs\Python\Python311\Lib\importlib\__init__.py:126: in import_module
    return _bootstrap._gcd_import(name[level:], package, level)
           ^^^^^^^^^^^^^^^^^^^^^^^^^^^^^^^^^^^^^^^^^^^^^^^^^^^^
tests\test_grace_todos_integration.py:27: in <module>
    from api.grace_todos_api import (
E   ModuleNotFoundError: No module named 'api.grace_todos_api'
____________ ERROR collecting tests/test_magma_relation_graphs.py _____________
ImportError while importing test module 'C:\Users\aaron\Desktop\grace-3.1--Aaron-new2\backend\tests\test_magma_relation_graphs.py'.
Hint: make sure your test modules/packages have valid Python names.
Traceback:
..\..\..\..\AppData\Local\Programs\Python\Python311\Lib\importlib\__init__.py:126: in import_module
    return _bootstrap._gcd_import(name[level:], package, level)
           ^^^^^^^^^^^^^^^^^^^^^^^^^^^^^^^^^^^^^^^^^^^^^^^^^^^^
test_magma_relation_graphs.py:19: in <module>
    from cognitive.magma.relation_graphs import (
E   ModuleNotFoundError: No module named 'cognitive.magma'; 'cognitive' is not a package
___________ ERROR collecting tests/test_memory_mesh_scalability.py ____________
ImportError while importing test module 'C:\Users\aaron\Desktop\grace-3.1--Aaron-new2\backend\tests\test_memory_mesh_scalability.py'.
Hint: make sure your test modules/packages have valid Python names.
Traceback:
..\..\..\..\AppData\Local\Programs\Python\Python311\Lib\importlib\__init__.py:126: in import_module
    return _bootstrap._gcd_import(name[level:], package, level)
           ^^^^^^^^^^^^^^^^^^^^^^^^^^^^^^^^^^^^^^^^^^^^^^^^^^^^
test_memory_mesh_scalability.py:24: in <module>
    from cognitive.memory_mesh_cache import get_memory_mesh_cache
E   ModuleNotFoundError: No module named 'cognitive.memory_mesh_cache'; 'cognitive' is not a package
________________ ERROR collecting tests/test_sample_cat_url.py ________________
ImportError while importing test module 'C:\Users\aaron\Desktop\grace-3.1--Aaron-new2\backend\tests\test_sample_cat_url.py'.
Hint: make sure your test modules/packages have valid Python names.
Traceback:
..\..\..\..\AppData\Local\Programs\Python\Python311\Lib\importlib\__init__.py:126: in import_module
    return _bootstrap._gcd_import(name[level:], package, level)
           ^^^^^^^^^^^^^^^^^^^^^^^^^^^^^^^^^^^^^^^^^^^^^^^^^^^^
test_sample_cat_url.py:8: in <module>
    from scraping.url_validator import URLValidator
..\scraping\__init__.py:8: in <module>
    from .service import WebScrapingService
..\scraping\service.py:12: in <module>
    import trafilatura
E   ModuleNotFoundError: No module named 'trafilatura'
============================== warnings summary ===============================
ingestion\test_file_manager.py:18
  C:\Users\aaron\Desktop\grace-3.1--Aaron-new2\backend\ingestion\test_file_manager.py:18: PytestCollectionWarning: cannot collect test class 'TestSuite' because it has a __init__ constructor (from: ingestion/test_file_manager.py)
    class TestSuite:

..\..\..\AppData\Local\Programs\Python\Python311\Lib\site-packages\pydantic\_internal\_config.py:268
  C:\Users\aaron\AppData\Local\Programs\Python\Python311\Lib\site-packages\pydantic\_internal\_config.py:268: PydanticDeprecatedSince20: Support for class-based `config` is deprecated, use ConfigDict instead. Deprecated in Pydantic V2.0 to be removed in V3.0. See Pydantic V2 Migration Guide at https://errors.pydantic.dev/2.5/migration/
    warnings.warn(DEPRECATION_MESSAGE, DeprecationWarning)

diagnostic_machine\sensors.py:43
  C:\Users\aaron\Desktop\grace-3.1--Aaron-new2\backend\diagnostic_machine\sensors.py:43: PytestCollectionWarning: cannot collect test class 'TestResultData' because it has a __init__ constructor (from: tests/test_layer4_action_router.py)
    @dataclass

-- Docs: https://docs.pytest.org/en/stable/how-to/capture-warnings.html
=========================== short test summary info ===========================
ERROR mcp_repos/mcp-servers/src/fetch/tests/test_server.py
ERROR mcp_repos/mcp-servers/src/git/tests/test_server.py
ERROR mcp_repos/mcp-servers/src/time/test/time_server_test.py
ERROR test_lifespan.py
ERROR tests/grace_os/test_grace_os_message_bus.py
ERROR tests/test_app.py
ERROR tests/test_auto_ingest.py
ERROR tests/test_autonomous_healing_simulation.py
ERROR tests/test_cognitive_layer1.py
ERROR tests/test_document_download.py
ERROR tests/test_drive_support.py
ERROR tests/test_genesis_pipeline.py
ERROR tests/test_grace_planning_api.py
ERROR tests/test_grace_todos_api.py
ERROR tests/test_grace_todos_integration.py
ERROR tests/test_magma_relation_graphs.py
ERROR tests/test_memory_mesh_scalability.py
ERROR tests/test_sample_cat_url.py
!!!!!!!!!!!!!!!!!! Interrupted: 18 errors during collection !!!!!!!!!!!!!!!!!!!
======================= 3 warnings, 18 errors in 10.79s =======================
