============================= test session starts =============================
platform win32 -- Python 3.11.9, pytest-9.0.1, pluggy-1.6.0 -- C:\Users\aaron\AppData\Local\Programs\Python\Python311\python.exe
cachedir: .pytest_cache
rootdir: C:\Users\aaron\Desktop\grace-3.1--Aaron-new2\tests
plugins: anyio-4.11.0, asyncio-1.3.0, cov-7.0.0
asyncio: mode=Mode.STRICT, debug=False, asyncio_default_fixture_loop_scope=None, asyncio_default_test_loop_scope=function
collecting ... collected 5 items

test_domain_intelligence_loop.py::test_interpreter_detects_forbidden_modules FAILED [ 20%]
test_domain_intelligence_loop.py::test_interpreter_detects_bad_operations PASSED [ 40%]
test_domain_intelligence_loop.py::test_interpreter_allows_safe_code PASSED [ 60%]
test_domain_intelligence_loop.py::test_telemetry_evaluator_triggers_rollback PASSED [ 80%]
test_domain_intelligence_loop.py::test_telemetry_evaluator_approves_improvement PASSED [100%]

================================== FAILURES ===================================
_________________ test_interpreter_detects_forbidden_modules __________________

    def test_interpreter_detects_forbidden_modules():
        interpreter = ConstitutionalInterpreter()
    
        # 1. os.system is forbidden
        bad_code = """
    import os
    def hack():
        os.system("rm -rf /")
    """
>       with pytest.raises(ConstitutionalViolation) as exc:
E       Failed: DID NOT RAISE <class 'verification.constitutional_interpreter.ConstitutionalViolation'>

test_domain_intelligence_loop.py:22: Failed
=========================== short test summary info ===========================
FAILED test_domain_intelligence_loop.py::test_interpreter_detects_forbidden_modules
========================= 1 failed, 4 passed in 0.29s =========================
